[2019/04/08 07:55:00.510] - Starting server (version 2.0.0) with initial configuration: {"gasLimit":6721975,"gasPrice":20000000000,"hardfork":"petersburg","db_path":"/home/pc/.config/Ganache/workspaces/lei2/chaindata","default_balance_ether":100,"hostname":"127.0.0.1","locked":false,"network_id":5777,"port":8545,"total_accounts":10,"unlocked_accounts":[],"verbose":false,"vmErrorsOnRPCResponse":true,"logDirectory":"/home/pc/Desktop/vuebox/logs"}
[2019/04/08 07:55:00.593] - eth_blockNumber
[2019/04/08 07:55:00.625] - eth_getCode
[2019/04/08 07:55:00.626] - eth_subscribe
[2019/04/08 07:55:00.628] - eth_getLogs
[2019/04/08 07:55:00.628] - eth_subscribe
[2019/04/08 07:55:00.644] - eth_getCode
[2019/04/08 07:55:00.705] - eth_blockNumber
[2019/04/08 07:55:00.706] - eth_accounts
[2019/04/08 07:55:00.708] - eth_gasPrice
[2019/04/08 07:55:00.720] - eth_getBlockByNumber
[2019/04/08 07:55:00.721] - eth_subscribe
[2019/04/08 07:55:00.749] - eth_accounts
[2019/04/08 07:55:00.772] - eth_getBalance
[2019/04/08 07:55:00.777] - eth_getTransactionCount
[2019/04/08 07:55:00.785] - eth_getBalance
[2019/04/08 07:55:00.791] - eth_getTransactionCount
[2019/04/08 07:55:00.796] - eth_getBalance
[2019/04/08 07:55:00.802] - eth_getTransactionCount
[2019/04/08 07:55:00.807] - eth_getBalance
[2019/04/08 07:55:00.813] - eth_getTransactionCount
[2019/04/08 07:55:00.820] - eth_getBalance
[2019/04/08 07:55:00.825] - eth_getTransactionCount
[2019/04/08 07:55:00.831] - eth_getBalance
[2019/04/08 07:55:00.836] - eth_getTransactionCount
[2019/04/08 07:55:00.842] - eth_getBalance
[2019/04/08 07:55:00.847] - eth_getTransactionCount
[2019/04/08 07:55:00.853] - eth_getBalance
[2019/04/08 07:55:00.859] - eth_getTransactionCount
[2019/04/08 07:55:00.864] - eth_getBalance
[2019/04/08 07:55:00.871] - eth_getTransactionCount
[2019/04/08 07:55:00.878] - eth_getBalance
[2019/04/08 07:55:00.885] - eth_getTransactionCount
[2019/04/08 07:55:00.945] - eth_getBalance
[2019/04/08 07:55:00.954] - eth_getTransactionCount
[2019/04/08 07:55:00.959] - eth_getBalance
[2019/04/08 07:55:00.964] - eth_getTransactionCount
[2019/04/08 07:55:00.970] - eth_getBalance
[2019/04/08 07:55:00.975] - eth_getTransactionCount
[2019/04/08 07:55:00.981] - eth_getBalance
[2019/04/08 07:55:00.989] - eth_getTransactionCount
[2019/04/08 07:55:00.994] - eth_getBalance
[2019/04/08 07:55:01.000] - eth_getTransactionCount
[2019/04/08 07:55:01.006] - eth_getBalance
[2019/04/08 07:55:01.012] - eth_getTransactionCount
[2019/04/08 07:55:01.017] - eth_getBalance
[2019/04/08 07:55:01.024] - eth_getTransactionCount
[2019/04/08 07:55:01.029] - eth_getBalance
[2019/04/08 07:55:01.034] - eth_getTransactionCount
[2019/04/08 07:55:01.039] - eth_getBalance
[2019/04/08 07:55:01.045] - eth_getTransactionCount
[2019/04/08 07:55:01.051] - eth_getBalance
[2019/04/08 07:55:01.080] - eth_getTransactionCount
[2019/04/08 07:55:01.602] - eth_blockNumber
[2019/04/08 07:55:02.619] - eth_blockNumber
[2019/04/08 07:55:03.633] - eth_blockNumber
[2019/04/08 07:55:05.434] - eth_getBalance
[2019/04/08 07:55:05.435] - eth_getBalance
[2019/04/08 07:55:05.443] - eth_blockNumber
[2019/04/08 07:55:05.675] - eth_getTransactionCount
[2019/04/08 07:55:05.822] - eth_getCode
[2019/04/08 07:55:06.501] - eth_blockNumber
[2019/04/08 07:55:06.890] - eth_getBalance
[2019/04/08 07:55:06.900] - eth_getBalance
[2019/04/08 07:55:07.310] - net_version
[2019/04/08 07:55:07.323] - net_version
[2019/04/08 07:55:07.512] - eth_blockNumber
[2019/04/08 07:55:08.249] - eth_getBlockByNumber
[2019/04/08 07:55:08.519] - eth_blockNumber
[2019/04/08 07:55:09.534] - eth_blockNumber
[2019/04/08 07:55:09.701] - net_version
[2019/04/08 07:55:09.705] - net_version
[2019/04/08 07:55:10.554] - eth_blockNumber
[2019/04/08 07:55:11.571] - eth_blockNumber
[2019/04/08 07:55:12.584] - eth_blockNumber
[2019/04/08 07:55:13.598] - eth_blockNumber
[2019/04/08 07:55:14.613] - eth_blockNumber
[2019/04/08 07:55:14.954] - eth_getBalance
[2019/04/08 07:55:14.957] - net_version
[2019/04/08 07:55:15.633] - eth_blockNumber
[2019/04/08 07:55:16.689] - eth_blockNumber
[2019/04/08 07:55:17.699] - eth_blockNumber
[2019/04/08 07:55:18.256] - eth_getBlockByNumber
[2019/04/08 07:55:18.716] - eth_blockNumber
[2019/04/08 07:55:19.734] - eth_blockNumber
[2019/04/08 07:55:20.751] - eth_blockNumber
[2019/04/08 07:55:21.769] - eth_blockNumber
[2019/04/08 07:55:22.784] - eth_blockNumber
[2019/04/08 07:55:23.801] - eth_blockNumber
[2019/04/08 07:55:24.818] - eth_blockNumber
[2019/04/08 07:55:25.837] - eth_blockNumber
[2019/04/08 07:55:26.855] - eth_blockNumber
[2019/04/08 07:55:27.871] - eth_blockNumber
[2019/04/08 07:55:28.256] - eth_getBlockByNumber
[2019/04/08 07:55:28.888] - eth_blockNumber
[2019/04/08 07:55:29.906] - eth_blockNumber
[2019/04/08 07:55:30.923] - eth_blockNumber
[2019/04/08 07:55:31.941] - eth_blockNumber
[2019/04/08 07:55:32.957] - eth_blockNumber
[2019/04/08 07:55:33.976] - eth_blockNumber
[2019/04/08 07:55:34.993] - eth_blockNumber
[2019/04/08 07:55:36.008] - eth_blockNumber
[2019/04/08 07:55:37.028] - eth_blockNumber
[2019/04/08 07:55:38.043] - eth_blockNumber
[2019/04/08 07:55:38.253] - eth_getBlockByNumber
[2019/04/08 07:55:39.056] - eth_blockNumber
[2019/04/08 07:55:40.071] - eth_blockNumber
[2019/04/08 07:55:41.088] - eth_blockNumber
[2019/04/08 07:55:42.106] - eth_blockNumber
[2019/04/08 07:55:43.123] - eth_blockNumber
[2019/04/08 07:55:44.140] - eth_blockNumber
[2019/04/08 07:55:45.159] - eth_blockNumber
[2019/04/08 07:55:46.177] - eth_blockNumber
[2019/04/08 07:55:47.208] - eth_blockNumber
[2019/04/08 07:55:48.226] - eth_blockNumber
[2019/04/08 07:55:48.258] - eth_getBlockByNumber
[2019/04/08 07:55:49.249] - eth_blockNumber
[2019/04/08 07:55:50.282] - eth_blockNumber
[2019/04/08 07:55:51.299] - eth_blockNumber
[2019/04/08 07:55:52.313] - eth_blockNumber
[2019/04/08 07:55:53.327] - eth_blockNumber
[2019/04/08 07:55:54.342] - eth_blockNumber
[2019/04/08 07:55:55.357] - eth_blockNumber
[2019/04/08 07:55:56.372] - eth_blockNumber
[2019/04/08 07:55:57.388] - eth_blockNumber
[2019/04/08 07:55:58.253] - eth_getBlockByNumber
[2019/04/08 07:55:58.405] - eth_blockNumber
[2019/04/08 07:55:59.424] - eth_blockNumber
[2019/04/08 07:56:00.439] - eth_blockNumber
[2019/04/08 07:56:01.460] - eth_blockNumber
[2019/04/08 07:56:02.501] - eth_blockNumber
[2019/04/08 07:56:02.630] - net_version
[2019/04/08 07:56:03.029] - net_version
[2019/04/08 07:56:03.518] - eth_blockNumber
[2019/04/08 07:56:04.535] - eth_blockNumber
[2019/04/08 07:56:05.549] - eth_blockNumber
[2019/04/08 07:56:06.242] - net_version
[2019/04/08 07:56:06.564] - eth_blockNumber
[2019/04/08 07:56:07.596] - eth_blockNumber
[2019/04/08 07:56:08.253] - eth_getBlockByNumber
[2019/04/08 07:56:08.610] - eth_blockNumber
[2019/04/08 07:56:09.625] - eth_blockNumber
[2019/04/08 07:56:10.641] - eth_blockNumber
[2019/04/08 07:56:11.661] - eth_blockNumber
[2019/04/08 07:56:12.678] - eth_blockNumber
[2019/04/08 07:56:13.699] - eth_blockNumber
[2019/04/08 07:56:14.717] - eth_blockNumber
[2019/04/08 07:56:15.750] - eth_blockNumber
[2019/04/08 07:56:16.772] - eth_blockNumber
[2019/04/08 07:56:17.784] - eth_blockNumber
[2019/04/08 07:56:18.247] - eth_getBlockByNumber
[2019/04/08 07:56:18.796] - eth_blockNumber
[2019/04/08 07:56:19.814] - eth_blockNumber
[2019/04/08 07:56:20.831] - eth_blockNumber
[2019/04/08 07:56:21.849] - eth_blockNumber
[2019/04/08 07:56:22.863] - eth_blockNumber
[2019/04/08 07:56:23.878] - eth_blockNumber
[2019/04/08 07:56:24.895] - eth_blockNumber
[2019/04/08 07:56:25.913] - eth_blockNumber
[2019/04/08 07:56:26.933] - eth_blockNumber
[2019/04/08 07:56:27.946] - eth_blockNumber
[2019/04/08 07:56:28.257] - eth_getBlockByNumber
[2019/04/08 07:56:28.954] - eth_blockNumber
[2019/04/08 07:56:29.964] - eth_blockNumber
[2019/04/08 07:56:30.978] - eth_blockNumber
[2019/04/08 07:56:31.995] - eth_blockNumber
[2019/04/08 07:56:33.017] - eth_blockNumber
[2019/04/08 07:56:34.034] - eth_blockNumber
[2019/04/08 07:56:35.057] - eth_blockNumber
[2019/04/08 07:56:36.082] - eth_blockNumber
[2019/04/08 07:56:37.102] - eth_blockNumber
[2019/04/08 07:56:38.117] - eth_blockNumber
[2019/04/08 07:56:38.247] - eth_getBlockByNumber
[2019/04/08 07:56:39.129] - eth_blockNumber
[2019/04/08 07:56:40.147] - eth_blockNumber
[2019/04/08 07:56:41.164] - eth_blockNumber
[2019/04/08 07:56:42.181] - eth_blockNumber
[2019/04/08 07:56:43.197] - eth_blockNumber
[2019/04/08 07:56:44.215] - eth_blockNumber
[2019/04/08 07:56:45.235] - eth_blockNumber
[2019/04/08 07:56:46.252] - eth_blockNumber
[2019/04/08 07:56:47.269] - eth_blockNumber
[2019/04/08 07:56:48.254] - eth_getBlockByNumber
[2019/04/08 07:56:48.278] - eth_blockNumber
[2019/04/08 07:56:49.291] - eth_blockNumber
[2019/04/08 07:56:50.307] - eth_blockNumber
[2019/04/08 07:56:51.322] - eth_blockNumber
[2019/04/08 07:56:52.339] - eth_blockNumber
[2019/04/08 07:56:53.352] - eth_blockNumber
[2019/04/08 07:56:54.366] - eth_blockNumber
[2019/04/08 07:56:55.386] - eth_blockNumber
[2019/04/08 07:56:56.405] - eth_blockNumber
[2019/04/08 07:56:57.422] - eth_blockNumber
[2019/04/08 07:56:58.253] - eth_getBlockByNumber
[2019/04/08 07:56:58.439] - eth_blockNumber
[2019/04/08 07:56:59.461] - eth_blockNumber
[2019/04/08 07:57:00.477] - eth_blockNumber
[2019/04/08 07:57:01.495] - eth_blockNumber
[2019/04/08 07:57:02.513] - eth_blockNumber
[2019/04/08 07:57:03.530] - eth_blockNumber
[2019/04/08 07:57:04.548] - eth_blockNumber
[2019/04/08 07:57:05.562] - eth_blockNumber
[2019/04/08 07:57:06.582] - eth_blockNumber
[2019/04/08 07:57:07.594] - eth_blockNumber
[2019/04/08 07:57:08.252] - eth_getBlockByNumber
[2019/04/08 07:57:08.603] - eth_blockNumber
[2019/04/08 07:57:09.576] - net_version
[2019/04/08 07:57:09.582] - net_version
[2019/04/08 07:57:09.609] - eth_blockNumber
[2019/04/08 07:57:10.619] - eth_blockNumber
[2019/04/08 07:57:11.634] - eth_blockNumber
[2019/04/08 07:57:12.649] - eth_blockNumber
[2019/04/08 07:57:13.667] - eth_blockNumber
[2019/04/08 07:57:14.684] - eth_blockNumber
[2019/04/08 07:57:15.699] - eth_blockNumber
[2019/04/08 07:57:16.713] - eth_blockNumber
[2019/04/08 07:57:17.729] - eth_blockNumber
[2019/04/08 07:57:18.251] - eth_getBlockByNumber
[2019/04/08 07:57:18.752] - eth_blockNumber
[2019/04/08 07:57:19.767] - eth_blockNumber
[2019/04/08 07:57:20.782] - eth_blockNumber
[2019/04/08 07:57:21.799] - eth_blockNumber
[2019/04/08 07:57:22.810] - eth_blockNumber
[2019/04/08 07:57:23.138] - net_version
[2019/04/08 07:57:23.560] - net_version
[2019/04/08 07:57:23.821] - eth_blockNumber
[2019/04/08 07:57:24.842] - eth_blockNumber
[2019/04/08 07:57:25.862] - eth_blockNumber
[2019/04/08 07:57:26.879] - eth_blockNumber
[2019/04/08 07:57:27.895] - eth_blockNumber
[2019/04/08 07:57:28.266] - eth_getBlockByNumber
[2019/04/08 07:57:28.618] - net_version
[2019/04/08 07:57:28.906] - eth_blockNumber
[2019/04/08 07:57:29.917] - eth_blockNumber
[2019/04/08 07:57:30.935] - eth_blockNumber
[2019/04/08 07:57:31.951] - eth_blockNumber
[2019/04/08 07:57:32.968] - eth_blockNumber
[2019/04/08 07:57:33.989] - eth_blockNumber
[2019/04/08 07:57:34.996] - eth_blockNumber
[2019/04/08 07:57:36.006] - eth_blockNumber
[2019/04/08 07:57:37.019] - eth_blockNumber
[2019/04/08 07:57:38.030] - eth_blockNumber
[2019/04/08 07:57:38.250] - eth_getBlockByNumber
[2019/04/08 07:57:39.042] - eth_blockNumber
[2019/04/08 07:57:40.065] - eth_blockNumber
[2019/04/08 07:57:41.083] - eth_blockNumber
[2019/04/08 07:57:42.096] - eth_blockNumber
[2019/04/08 07:57:43.110] - eth_blockNumber
[2019/04/08 07:57:44.124] - eth_blockNumber
[2019/04/08 07:57:45.144] - eth_blockNumber
[2019/04/08 07:57:46.163] - eth_blockNumber
[2019/04/08 07:57:47.183] - eth_blockNumber
[2019/04/08 07:57:48.197] - eth_blockNumber
[2019/04/08 07:57:48.261] - eth_getBlockByNumber
[2019/04/08 07:57:49.219] - eth_blockNumber
[2019/04/08 07:57:50.231] - eth_blockNumber
[2019/04/08 07:57:51.246] - eth_blockNumber
[2019/04/08 07:57:52.256] - eth_blockNumber
[2019/04/08 07:57:53.267] - eth_blockNumber
[2019/04/08 07:57:54.284] - eth_blockNumber
[2019/04/08 07:57:55.296] - eth_blockNumber
[2019/04/08 07:57:56.308] - eth_blockNumber
[2019/04/08 07:57:57.319] - eth_blockNumber
[2019/04/08 07:57:58.246] - eth_getBlockByNumber
[2019/04/08 07:57:58.340] - eth_blockNumber
[2019/04/08 07:57:59.359] - eth_blockNumber
[2019/04/08 07:58:00.389] - eth_blockNumber
[2019/04/08 07:58:01.406] - eth_blockNumber
[2019/04/08 07:58:02.417] - eth_blockNumber
[2019/04/08 07:58:03.431] - eth_blockNumber
[2019/04/08 07:58:04.448] - eth_blockNumber
[2019/04/08 07:58:05.462] - eth_blockNumber
[2019/04/08 07:58:06.475] - eth_blockNumber
[2019/04/08 07:58:07.488] - eth_blockNumber
[2019/04/08 07:58:08.253] - eth_getBlockByNumber
[2019/04/08 07:58:08.504] - eth_blockNumber
[2019/04/08 07:58:09.522] - eth_blockNumber
[2019/04/08 07:58:10.538] - eth_blockNumber
[2019/04/08 07:58:11.555] - eth_blockNumber
[2019/04/08 07:58:12.574] - eth_blockNumber
[2019/04/08 07:58:13.592] - eth_blockNumber
[2019/04/08 07:58:14.601] - eth_blockNumber
[2019/04/08 07:58:15.617] - eth_blockNumber
[2019/04/08 07:58:16.648] - eth_blockNumber
[2019/04/08 07:58:17.660] - eth_blockNumber
[2019/04/08 07:58:18.247] - eth_getBlockByNumber
[2019/04/08 07:58:18.674] - eth_blockNumber
[2019/04/08 07:58:19.694] - eth_blockNumber
[2019/04/08 07:58:20.708] - eth_blockNumber
[2019/04/08 07:58:21.727] - eth_blockNumber
[2019/04/08 07:58:22.750] - eth_blockNumber
[2019/04/08 07:58:23.766] - eth_blockNumber
[2019/04/08 07:58:24.780] - eth_blockNumber
[2019/04/08 07:58:25.795] - eth_blockNumber
[2019/04/08 07:58:26.809] - eth_blockNumber
[2019/04/08 07:58:27.825] - eth_blockNumber
[2019/04/08 07:58:28.252] - eth_getBlockByNumber
[2019/04/08 07:58:28.844] - eth_blockNumber
[2019/04/08 07:58:29.858] - eth_blockNumber
[2019/04/08 07:58:30.878] - eth_blockNumber
[2019/04/08 07:58:31.894] - eth_blockNumber
[2019/04/08 07:58:32.911] - eth_blockNumber
[2019/04/08 07:58:33.928] - eth_blockNumber
[2019/04/08 07:58:34.943] - eth_blockNumber
[2019/04/08 07:58:35.960] - eth_blockNumber
[2019/04/08 07:58:36.978] - eth_blockNumber
[2019/04/08 07:58:37.994] - eth_blockNumber
[2019/04/08 07:58:38.251] - eth_getBlockByNumber
[2019/04/08 07:58:39.008] - eth_blockNumber
[2019/04/08 07:58:40.023] - eth_blockNumber
[2019/04/08 07:58:41.037] - eth_blockNumber
[2019/04/08 07:58:42.048] - eth_blockNumber
[2019/04/08 07:58:43.062] - eth_blockNumber
[2019/04/08 07:58:44.076] - eth_blockNumber
[2019/04/08 07:58:45.090] - eth_blockNumber
[2019/04/08 07:58:46.103] - eth_blockNumber
[2019/04/08 07:58:47.119] - eth_blockNumber
[2019/04/08 07:58:48.135] - eth_blockNumber
[2019/04/08 07:58:48.252] - eth_getBlockByNumber
[2019/04/08 07:58:49.151] - eth_blockNumber
[2019/04/08 07:58:50.168] - eth_blockNumber
[2019/04/08 07:58:51.185] - eth_blockNumber
[2019/04/08 07:58:52.203] - eth_blockNumber
[2019/04/08 07:58:53.223] - eth_blockNumber
[2019/04/08 07:58:54.246] - eth_blockNumber
[2019/04/08 07:58:55.263] - eth_blockNumber
[2019/04/08 07:58:56.278] - eth_blockNumber
[2019/04/08 07:58:57.295] - eth_blockNumber
[2019/04/08 07:58:58.253] - eth_getBlockByNumber
[2019/04/08 07:58:58.317] - eth_blockNumber
[2019/04/08 07:58:59.333] - eth_blockNumber
[2019/04/08 07:59:00.350] - eth_blockNumber
[2019/04/08 07:59:01.366] - eth_blockNumber
[2019/04/08 07:59:02.382] - eth_blockNumber
[2019/04/08 07:59:03.399] - eth_blockNumber
[2019/04/08 07:59:04.416] - eth_blockNumber
[2019/04/08 07:59:05.433] - eth_blockNumber
[2019/04/08 07:59:06.449] - eth_blockNumber
[2019/04/08 07:59:07.463] - eth_blockNumber
[2019/04/08 07:59:08.253] - eth_getBlockByNumber
[2019/04/08 07:59:08.475] - eth_blockNumber
[2019/04/08 07:59:09.484] - eth_blockNumber
[2019/04/08 07:59:10.497] - eth_blockNumber
[2019/04/08 07:59:11.510] - eth_blockNumber
[2019/04/08 07:59:12.268] - net_version
[2019/04/08 07:59:12.517] - eth_blockNumber
[2019/04/08 07:59:13.530] - eth_blockNumber
[2019/04/08 07:59:14.546] - eth_blockNumber
[2019/04/08 07:59:15.564] - eth_blockNumber
[2019/04/08 07:59:16.581] - eth_blockNumber
[2019/04/08 07:59:17.602] - eth_blockNumber
[2019/04/08 07:59:18.250] - eth_getBlockByNumber
[2019/04/08 07:59:18.613] - eth_blockNumber
[2019/04/08 07:59:19.630] - eth_blockNumber
[2019/04/08 07:59:20.642] - eth_blockNumber
[2019/04/08 07:59:21.657] - eth_blockNumber
[2019/04/08 07:59:22.673] - eth_blockNumber
[2019/04/08 07:59:23.695] - eth_blockNumber
[2019/04/08 07:59:24.718] - eth_blockNumber
[2019/04/08 07:59:25.736] - eth_blockNumber
[2019/04/08 07:59:26.750] - eth_blockNumber
[2019/04/08 07:59:27.765] - eth_blockNumber
[2019/04/08 07:59:28.248] - eth_getBlockByNumber
[2019/04/08 07:59:28.779] - eth_blockNumber
[2019/04/08 07:59:29.795] - eth_blockNumber
[2019/04/08 07:59:30.803] - eth_blockNumber
[2019/04/08 07:59:31.814] - eth_blockNumber
[2019/04/08 07:59:32.835] - eth_blockNumber
[2019/04/08 07:59:33.851] - eth_blockNumber
[2019/04/08 07:59:34.868] - eth_blockNumber
[2019/04/08 07:59:35.894] - eth_blockNumber
[2019/04/08 07:59:36.399] - net_version
[2019/04/08 07:59:36.404] - net_version
[2019/04/08 07:59:36.912] - eth_blockNumber
[2019/04/08 07:59:37.918] - eth_blockNumber
[2019/04/08 07:59:38.251] - eth_getBlockByNumber
[2019/04/08 07:59:38.928] - eth_blockNumber
[2019/04/08 07:59:39.940] - eth_blockNumber
[2019/04/08 07:59:40.947] - net_version
[2019/04/08 07:59:40.953] - eth_blockNumber
[2019/04/08 07:59:40.967] - net_version
[2019/04/08 07:59:41.974] - eth_blockNumber
[2019/04/08 07:59:42.994] - eth_blockNumber
[2019/04/08 07:59:44.012] - eth_blockNumber
[2019/04/08 07:59:45.025] - eth_blockNumber
[2019/04/08 07:59:46.033] - eth_blockNumber
[2019/04/08 07:59:47.048] - eth_blockNumber
[2019/04/08 07:59:48.066] - eth_blockNumber
[2019/04/08 07:59:48.252] - eth_getBlockByNumber
[2019/04/08 07:59:49.081] - eth_blockNumber
[2019/04/08 07:59:50.094] - eth_blockNumber
[2019/04/08 07:59:51.113] - eth_blockNumber
[2019/04/08 07:59:52.127] - eth_blockNumber
[2019/04/08 07:59:53.146] - eth_blockNumber
[2019/04/08 07:59:54.170] - eth_blockNumber
[2019/04/08 07:59:55.190] - eth_blockNumber
[2019/04/08 07:59:56.221] - eth_blockNumber
[2019/04/08 07:59:57.240] - eth_blockNumber
[2019/04/08 07:59:58.251] - eth_getBlockByNumber
[2019/04/08 07:59:58.259] - eth_blockNumber
[2019/04/08 07:59:59.271] - eth_blockNumber
[2019/04/08 07:59:59.397] - net_version
[2019/04/08 07:59:59.547] - net_version
[2019/04/08 08:00:00.279] - eth_blockNumber
[2019/04/08 08:00:00.389] - net_version
[2019/04/08 08:00:00.494] - net_version
[2019/04/08 08:00:01.256] - net_version
[2019/04/08 08:00:01.288] - eth_blockNumber
[2019/04/08 08:00:02.299] - eth_blockNumber
[2019/04/08 08:00:03.311] - eth_blockNumber
[2019/04/08 08:00:04.324] - eth_blockNumber
[2019/04/08 08:00:05.337] - eth_blockNumber
[2019/04/08 08:00:06.350] - eth_blockNumber
[2019/04/08 08:00:07.360] - eth_blockNumber
[2019/04/08 08:00:08.254] - eth_getBlockByNumber
[2019/04/08 08:00:08.371] - eth_blockNumber
[2019/04/08 08:00:09.383] - eth_blockNumber
[2019/04/08 08:00:10.397] - eth_blockNumber
[2019/04/08 08:00:11.415] - eth_blockNumber
[2019/04/08 08:00:12.432] - eth_blockNumber
[2019/04/08 08:00:13.449] - eth_blockNumber
[2019/04/08 08:00:14.466] - eth_blockNumber
[2019/04/08 08:00:15.487] - eth_blockNumber
[2019/04/08 08:00:16.502] - eth_blockNumber
[2019/04/08 08:00:17.514] - eth_blockNumber
[2019/04/08 08:00:18.255] - eth_getBlockByNumber
[2019/04/08 08:00:18.527] - eth_blockNumber
[2019/04/08 08:00:19.543] - eth_blockNumber
[2019/04/08 08:00:20.560] - eth_blockNumber
[2019/04/08 08:00:21.577] - eth_blockNumber
[2019/04/08 08:00:22.594] - eth_blockNumber
[2019/04/08 08:00:23.616] - eth_blockNumber
[2019/04/08 08:00:24.632] - eth_blockNumber
[2019/04/08 08:00:25.650] - eth_blockNumber
[2019/04/08 08:00:26.668] - eth_blockNumber
[2019/04/08 08:00:27.682] - eth_blockNumber
[2019/04/08 08:00:28.254] - eth_getBlockByNumber
[2019/04/08 08:00:28.692] - eth_blockNumber
[2019/04/08 08:00:29.705] - eth_blockNumber
[2019/04/08 08:00:30.721] - eth_blockNumber
[2019/04/08 08:00:31.742] - eth_blockNumber
[2019/04/08 08:00:32.754] - eth_blockNumber
[2019/04/08 08:00:33.761] - eth_blockNumber
[2019/04/08 08:00:34.774] - eth_blockNumber
[2019/04/08 08:00:35.792] - eth_blockNumber
[2019/04/08 08:00:36.809] - eth_blockNumber
[2019/04/08 08:00:37.826] - eth_blockNumber
[2019/04/08 08:00:38.260] - eth_getBlockByNumber
[2019/04/08 08:00:38.846] - eth_blockNumber
[2019/04/08 08:00:39.862] - eth_blockNumber
[2019/04/08 08:00:40.881] - eth_blockNumber
[2019/04/08 08:00:41.894] - eth_blockNumber
[2019/04/08 08:00:42.915] - eth_blockNumber
[2019/04/08 08:00:43.935] - eth_blockNumber
[2019/04/08 08:00:44.952] - eth_blockNumber
[2019/04/08 08:00:45.965] - eth_blockNumber
[2019/04/08 08:00:46.977] - eth_blockNumber
[2019/04/08 08:00:47.996] - eth_blockNumber
[2019/04/08 08:00:48.254] - eth_getBlockByNumber
[2019/04/08 08:00:49.016] - eth_blockNumber
[2019/04/08 08:00:50.035] - eth_blockNumber
[2019/04/08 08:00:51.054] - eth_blockNumber
[2019/04/08 08:00:52.072] - eth_blockNumber
[2019/04/08 08:00:53.088] - eth_blockNumber
[2019/04/08 08:00:54.103] - eth_blockNumber
[2019/04/08 08:00:55.121] - eth_blockNumber
[2019/04/08 08:00:56.142] - eth_blockNumber
[2019/04/08 08:00:57.158] - eth_blockNumber
[2019/04/08 08:00:58.175] - eth_blockNumber
[2019/04/08 08:00:58.251] - eth_getBlockByNumber
[2019/04/08 08:00:59.192] - eth_blockNumber
[2019/04/08 08:01:00.209] - eth_blockNumber
[2019/04/08 08:01:01.225] - eth_blockNumber
[2019/04/08 08:01:02.241] - eth_blockNumber
[2019/04/08 08:01:03.262] - eth_blockNumber
[2019/04/08 08:01:04.282] - eth_blockNumber
[2019/04/08 08:01:05.299] - eth_blockNumber
[2019/04/08 08:01:06.315] - eth_blockNumber
[2019/04/08 08:01:07.331] - eth_blockNumber
[2019/04/08 08:01:08.257] - eth_getBlockByNumber
[2019/04/08 08:01:08.345] - eth_blockNumber
[2019/04/08 08:01:09.363] - eth_blockNumber
[2019/04/08 08:01:10.381] - eth_blockNumber
[2019/04/08 08:01:11.404] - eth_blockNumber
[2019/04/08 08:01:12.421] - eth_blockNumber
[2019/04/08 08:01:13.439] - eth_blockNumber
[2019/04/08 08:01:14.454] - eth_blockNumber
[2019/04/08 08:01:15.471] - eth_blockNumber
[2019/04/08 08:01:16.483] - eth_blockNumber
[2019/04/08 08:01:17.497] - eth_blockNumber
[2019/04/08 08:01:18.254] - eth_getBlockByNumber
[2019/04/08 08:01:18.515] - eth_blockNumber
[2019/04/08 08:01:19.530] - eth_blockNumber
[2019/04/08 08:01:20.546] - eth_blockNumber
[2019/04/08 08:01:21.563] - eth_blockNumber
[2019/04/08 08:01:22.583] - eth_blockNumber
[2019/04/08 08:01:23.599] - eth_blockNumber
[2019/04/08 08:01:24.616] - eth_blockNumber
[2019/04/08 08:01:25.632] - eth_blockNumber
[2019/04/08 08:01:26.648] - eth_blockNumber
[2019/04/08 08:01:27.665] - eth_blockNumber
[2019/04/08 08:01:28.253] - eth_getBlockByNumber
[2019/04/08 08:01:28.681] - eth_blockNumber
[2019/04/08 08:01:29.696] - eth_blockNumber
[2019/04/08 08:01:30.707] - eth_blockNumber
[2019/04/08 08:01:31.723] - eth_blockNumber
[2019/04/08 08:01:32.743] - eth_blockNumber
[2019/04/08 08:01:33.760] - eth_blockNumber
[2019/04/08 08:01:34.779] - eth_blockNumber
[2019/04/08 08:01:35.795] - eth_blockNumber
[2019/04/08 08:01:36.809] - eth_blockNumber
[2019/04/08 08:01:37.830] - eth_blockNumber
[2019/04/08 08:01:38.255] - eth_getBlockByNumber
[2019/04/08 08:01:38.846] - eth_blockNumber
[2019/04/08 08:01:39.858] - eth_blockNumber
[2019/04/08 08:01:40.867] - eth_blockNumber
[2019/04/08 08:01:41.880] - eth_blockNumber
[2019/04/08 08:01:42.895] - eth_blockNumber
[2019/04/08 08:01:43.906] - eth_blockNumber
[2019/04/08 08:01:44.913] - eth_blockNumber
[2019/04/08 08:01:45.920] - eth_blockNumber
[2019/04/08 08:01:46.933] - eth_blockNumber
[2019/04/08 08:01:47.947] - eth_blockNumber
[2019/04/08 08:01:48.250] - eth_getBlockByNumber
[2019/04/08 08:01:48.962] - eth_blockNumber
[2019/04/08 08:01:49.986] - eth_blockNumber
[2019/04/08 08:01:51.002] - eth_blockNumber
[2019/04/08 08:01:52.018] - eth_blockNumber
[2019/04/08 08:01:53.034] - eth_blockNumber
[2019/04/08 08:01:54.053] - eth_blockNumber
[2019/04/08 08:01:55.070] - eth_blockNumber
[2019/04/08 08:01:56.089] - eth_blockNumber
[2019/04/08 08:01:57.103] - eth_blockNumber
[2019/04/08 08:01:58.124] - eth_blockNumber
[2019/04/08 08:01:58.253] - eth_getBlockByNumber
[2019/04/08 08:01:59.143] - eth_blockNumber
[2019/04/08 08:02:00.162] - eth_blockNumber
[2019/04/08 08:02:01.175] - eth_blockNumber
[2019/04/08 08:02:02.186] - eth_blockNumber
[2019/04/08 08:02:03.202] - eth_blockNumber
[2019/04/08 08:02:04.218] - eth_blockNumber
[2019/04/08 08:02:05.233] - eth_blockNumber
[2019/04/08 08:02:06.243] - eth_blockNumber
[2019/04/08 08:02:07.271] - eth_blockNumber
[2019/04/08 08:02:08.253] - eth_getBlockByNumber
[2019/04/08 08:02:08.283] - eth_blockNumber
[2019/04/08 08:02:09.294] - eth_blockNumber
[2019/04/08 08:02:10.310] - eth_blockNumber
[2019/04/08 08:02:11.327] - eth_blockNumber
[2019/04/08 08:02:12.344] - eth_blockNumber
[2019/04/08 08:02:13.361] - eth_blockNumber
[2019/04/08 08:02:14.378] - eth_blockNumber
[2019/04/08 08:02:15.395] - eth_blockNumber
[2019/04/08 08:02:16.413] - eth_blockNumber
[2019/04/08 08:02:17.430] - eth_blockNumber
[2019/04/08 08:02:18.254] - eth_getBlockByNumber
[2019/04/08 08:02:18.443] - eth_blockNumber
[2019/04/08 08:02:19.453] - eth_blockNumber
[2019/04/08 08:02:20.474] - eth_blockNumber
[2019/04/08 08:02:21.490] - eth_blockNumber
[2019/04/08 08:02:22.507] - eth_blockNumber
[2019/04/08 08:02:23.523] - eth_blockNumber
[2019/04/08 08:02:24.540] - eth_blockNumber
[2019/04/08 08:02:25.556] - eth_blockNumber
[2019/04/08 08:02:26.573] - eth_blockNumber
[2019/04/08 08:02:27.589] - eth_blockNumber
[2019/04/08 08:02:28.253] - eth_getBlockByNumber
[2019/04/08 08:02:28.606] - eth_blockNumber
[2019/04/08 08:02:29.622] - eth_blockNumber
[2019/04/08 08:02:30.638] - eth_blockNumber
[2019/04/08 08:02:31.654] - eth_blockNumber
[2019/04/08 08:02:32.670] - eth_blockNumber
[2019/04/08 08:02:33.687] - eth_blockNumber
[2019/04/08 08:02:34.703] - eth_blockNumber
[2019/04/08 08:02:35.720] - eth_blockNumber
[2019/04/08 08:02:36.742] - eth_blockNumber
[2019/04/08 08:02:37.755] - eth_blockNumber
[2019/04/08 08:02:38.255] - eth_getBlockByNumber
[2019/04/08 08:02:38.772] - eth_blockNumber
[2019/04/08 08:02:39.788] - eth_blockNumber
[2019/04/08 08:02:40.806] - eth_blockNumber
[2019/04/08 08:02:41.823] - eth_blockNumber
[2019/04/08 08:02:42.841] - eth_blockNumber
[2019/04/08 08:02:43.859] - eth_blockNumber
[2019/04/08 08:02:44.878] - eth_blockNumber
[2019/04/08 08:02:45.894] - eth_blockNumber
[2019/04/08 08:02:46.910] - eth_blockNumber
[2019/04/08 08:02:47.927] - eth_blockNumber
[2019/04/08 08:02:48.252] - eth_getBlockByNumber
[2019/04/08 08:02:48.946] - eth_blockNumber
[2019/04/08 08:02:49.963] - eth_blockNumber
[2019/04/08 08:02:50.976] - eth_blockNumber
[2019/04/08 08:02:51.987] - eth_blockNumber
[2019/04/08 08:02:52.998] - eth_blockNumber
[2019/04/08 08:02:54.018] - eth_blockNumber
[2019/04/08 08:02:55.036] - eth_blockNumber
[2019/04/08 08:02:56.053] - eth_blockNumber
[2019/04/08 08:02:57.069] - eth_blockNumber
[2019/04/08 08:02:58.083] - eth_blockNumber
[2019/04/08 08:02:58.254] - eth_getBlockByNumber
[2019/04/08 08:02:59.096] - eth_blockNumber
[2019/04/08 08:03:00.112] - eth_blockNumber
[2019/04/08 08:03:01.133] - eth_blockNumber
[2019/04/08 08:03:02.153] - eth_blockNumber
[2019/04/08 08:03:03.160] - eth_blockNumber
[2019/04/08 08:03:04.170] - eth_blockNumber
[2019/04/08 08:03:05.178] - eth_blockNumber
[2019/04/08 08:03:06.188] - eth_blockNumber
[2019/04/08 08:03:07.195] - eth_blockNumber
[2019/04/08 08:03:08.207] - eth_blockNumber
[2019/04/08 08:03:08.249] - eth_getBlockByNumber
[2019/04/08 08:03:09.226] - eth_blockNumber
[2019/04/08 08:03:10.240] - eth_blockNumber
[2019/04/08 08:03:11.261] - eth_blockNumber
[2019/04/08 08:03:12.275] - eth_blockNumber
[2019/04/08 08:03:13.291] - eth_blockNumber
[2019/04/08 08:03:14.304] - eth_blockNumber
[2019/04/08 08:03:15.316] - eth_blockNumber
[2019/04/08 08:03:16.326] - eth_blockNumber
[2019/04/08 08:03:17.333] - eth_blockNumber
[2019/04/08 08:03:18.255] - eth_getBlockByNumber
[2019/04/08 08:03:18.342] - eth_blockNumber
[2019/04/08 08:03:19.351] - eth_blockNumber
[2019/04/08 08:03:20.367] - eth_blockNumber
[2019/04/08 08:03:21.381] - eth_blockNumber
[2019/04/08 08:03:22.398] - eth_blockNumber
[2019/04/08 08:03:23.415] - eth_blockNumber
[2019/04/08 08:03:24.433] - eth_blockNumber
[2019/04/08 08:03:25.450] - eth_blockNumber
[2019/04/08 08:03:26.467] - eth_blockNumber
[2019/04/08 08:03:27.483] - eth_blockNumber
[2019/04/08 08:03:28.275] - eth_getBlockByNumber
[2019/04/08 08:03:28.495] - eth_blockNumber
[2019/04/08 08:03:29.505] - eth_blockNumber
[2019/04/08 08:03:30.523] - eth_blockNumber
[2019/04/08 08:03:31.542] - eth_blockNumber
[2019/04/08 08:03:32.556] - eth_blockNumber
[2019/04/08 08:03:33.566] - eth_blockNumber
[2019/04/08 08:03:34.580] - eth_blockNumber
[2019/04/08 08:03:35.598] - eth_blockNumber
[2019/04/08 08:03:36.611] - eth_blockNumber
[2019/04/08 08:03:37.622] - eth_blockNumber
[2019/04/08 08:03:38.247] - eth_getBlockByNumber
[2019/04/08 08:03:38.633] - eth_blockNumber
[2019/04/08 08:03:39.647] - eth_blockNumber
[2019/04/08 08:03:40.660] - eth_blockNumber
[2019/04/08 08:03:41.683] - eth_blockNumber
[2019/04/08 08:03:42.696] - eth_blockNumber
[2019/04/08 08:03:43.707] - eth_blockNumber
[2019/04/08 08:03:44.726] - eth_blockNumber
[2019/04/08 08:03:45.746] - eth_blockNumber
[2019/04/08 08:03:46.762] - eth_blockNumber
[2019/04/08 08:03:47.782] - eth_blockNumber
[2019/04/08 08:03:48.253] - eth_getBlockByNumber
[2019/04/08 08:03:48.798] - eth_blockNumber
[2019/04/08 08:03:49.815] - eth_blockNumber
[2019/04/08 08:03:50.828] - eth_blockNumber
[2019/04/08 08:03:51.840] - eth_blockNumber
[2019/04/08 08:03:52.857] - eth_blockNumber
[2019/04/08 08:03:53.877] - eth_blockNumber
[2019/04/08 08:03:54.894] - eth_blockNumber
[2019/04/08 08:03:55.909] - eth_blockNumber
[2019/04/08 08:03:56.928] - eth_blockNumber
[2019/04/08 08:03:57.944] - eth_blockNumber
[2019/04/08 08:03:58.254] - eth_getBlockByNumber
[2019/04/08 08:03:58.953] - eth_blockNumber
[2019/04/08 08:03:59.969] - eth_blockNumber
[2019/04/08 08:04:00.986] - eth_blockNumber
[2019/04/08 08:04:01.995] - eth_blockNumber
[2019/04/08 08:04:03.006] - eth_blockNumber
[2019/04/08 08:04:04.023] - eth_blockNumber
[2019/04/08 08:04:05.043] - eth_blockNumber
[2019/04/08 08:04:06.058] - eth_blockNumber
[2019/04/08 08:04:07.069] - eth_blockNumber
[2019/04/08 08:04:08.093] - eth_blockNumber
[2019/04/08 08:04:08.253] - eth_getBlockByNumber
[2019/04/08 08:04:09.108] - eth_blockNumber
[2019/04/08 08:04:10.124] - eth_blockNumber
[2019/04/08 08:04:11.142] - eth_blockNumber
[2019/04/08 08:04:12.161] - eth_blockNumber
[2019/04/08 08:04:13.175] - eth_blockNumber
[2019/04/08 08:04:14.183] - eth_blockNumber
[2019/04/08 08:04:15.193] - eth_blockNumber
[2019/04/08 08:04:16.208] - eth_blockNumber
[2019/04/08 08:04:17.224] - eth_blockNumber
[2019/04/08 08:04:18.242] - eth_blockNumber
[2019/04/08 08:04:18.264] - eth_getBlockByNumber
[2019/04/08 08:04:19.274] - eth_blockNumber
[2019/04/08 08:04:20.294] - eth_blockNumber
[2019/04/08 08:04:21.321] - eth_blockNumber
[2019/04/08 08:04:21.451] - net_version
[2019/04/08 08:04:22.274] - net_version
[2019/04/08 08:04:22.353] - eth_blockNumber
[2019/04/08 08:04:22.484] - net_version
[2019/04/08 08:04:22.669] - net_version
[2019/04/08 08:04:22.715] - net_version
[2019/04/08 08:04:22.900] - net_version
[2019/04/08 08:04:22.909] - net_version
[2019/04/08 08:04:23.365] - eth_blockNumber
[2019/04/08 08:04:24.337] - net_version
[2019/04/08 08:04:24.364] - net_version
[2019/04/08 08:04:24.377] - eth_blockNumber
[2019/04/08 08:04:24.431] - net_version
[2019/04/08 08:04:24.647] - net_version
[2019/04/08 08:04:24.988] - net_version
[2019/04/08 08:04:25.318] - net_version
[2019/04/08 08:04:25.346] - net_version
[2019/04/08 08:04:25.398] - eth_blockNumber
[2019/04/08 08:04:26.324] - net_version
[2019/04/08 08:04:26.332] - net_version
[2019/04/08 08:04:26.407] - eth_blockNumber
[2019/04/08 08:04:26.425] - net_version
[2019/04/08 08:04:26.486] - net_version
[2019/04/08 08:04:26.489] - net_version
[2019/04/08 08:04:26.518] - net_version
[2019/04/08 08:04:26.633] - net_version
[2019/04/08 08:04:27.068] - net_version
[2019/04/08 08:04:27.081] - net_version
[2019/04/08 08:04:27.229] - net_version
[2019/04/08 08:04:27.277] - net_version
[2019/04/08 08:04:27.423] - eth_blockNumber
[2019/04/08 08:04:28.250] - eth_getBlockByNumber
[2019/04/08 08:04:28.442] - eth_blockNumber
[2019/04/08 08:04:29.459] - eth_blockNumber
[2019/04/08 08:04:30.471] - eth_blockNumber
[2019/04/08 08:04:31.485] - eth_blockNumber
[2019/04/08 08:04:32.498] - eth_blockNumber
[2019/04/08 08:04:33.513] - eth_blockNumber
[2019/04/08 08:04:34.529] - eth_blockNumber
[2019/04/08 08:04:35.540] - eth_blockNumber
[2019/04/08 08:04:36.561] - eth_blockNumber
[2019/04/08 08:04:37.571] - eth_blockNumber
[2019/04/08 08:04:38.256] - eth_getBlockByNumber
[2019/04/08 08:04:38.585] - eth_blockNumber
[2019/04/08 08:04:39.596] - eth_blockNumber
[2019/04/08 08:04:40.617] - eth_blockNumber
[2019/04/08 08:04:41.634] - eth_blockNumber
[2019/04/08 08:04:42.663] - eth_blockNumber
[2019/04/08 08:04:43.683] - eth_blockNumber
[2019/04/08 08:04:44.703] - eth_blockNumber
[2019/04/08 08:04:45.719] - eth_blockNumber
[2019/04/08 08:04:46.739] - eth_blockNumber
[2019/04/08 08:04:47.757] - eth_blockNumber
[2019/04/08 08:04:48.255] - eth_getBlockByNumber
[2019/04/08 08:04:48.775] - eth_blockNumber
[2019/04/08 08:04:49.792] - eth_blockNumber
[2019/04/08 08:04:50.809] - eth_blockNumber
[2019/04/08 08:04:51.826] - eth_blockNumber
[2019/04/08 08:04:52.841] - eth_blockNumber
[2019/04/08 08:04:53.857] - eth_blockNumber
[2019/04/08 08:04:54.873] - eth_blockNumber
[2019/04/08 08:04:55.892] - eth_blockNumber
[2019/04/08 08:04:56.936] - eth_blockNumber
[2019/04/08 08:04:57.952] - eth_blockNumber
[2019/04/08 08:04:58.257] - eth_getBlockByNumber
[2019/04/08 08:04:58.969] - eth_blockNumber
[2019/04/08 08:04:59.984] - eth_blockNumber
[2019/04/08 08:05:00.997] - eth_blockNumber
[2019/04/08 08:05:02.013] - eth_blockNumber
[2019/04/08 08:05:03.024] - eth_blockNumber
[2019/04/08 08:05:04.034] - eth_blockNumber
[2019/04/08 08:05:05.051] - eth_blockNumber
[2019/04/08 08:05:06.068] - eth_blockNumber
[2019/04/08 08:05:07.086] - eth_blockNumber
[2019/04/08 08:05:08.100] - eth_blockNumber
[2019/04/08 08:05:08.249] - eth_getBlockByNumber
[2019/04/08 08:05:09.112] - eth_blockNumber
[2019/04/08 08:05:10.140] - eth_blockNumber
[2019/04/08 10:38:43.611] - eth_blockNumber
[2019/04/08 10:38:43.617] - net_version
[2019/04/08 10:38:43.629] - net_version
[2019/04/08 10:38:43.648] - eth_getBlockByNumber
[2019/04/08 10:38:43.893] - net_version
[2019/04/08 10:38:44.653] - eth_blockNumber
[2019/04/08 10:38:45.690] - eth_blockNumber
[2019/04/08 10:38:46.701] - eth_blockNumber
[2019/04/08 10:38:47.710] - eth_blockNumber
[2019/04/08 10:38:47.800] - net_version
[2019/04/08 10:38:48.005] - net_version
[2019/04/08 10:38:48.718] - eth_blockNumber
[2019/04/08 10:38:49.733] - eth_blockNumber
[2019/04/08 10:38:50.746] - eth_blockNumber
[2019/04/08 10:38:51.758] - eth_blockNumber
[2019/04/08 10:38:52.803] - eth_blockNumber
[2019/04/08 10:38:53.821] - eth_blockNumber
[2019/04/08 10:38:54.833] - eth_blockNumber
[2019/04/08 10:38:55.003] - net_version
[2019/04/08 10:38:55.844] - eth_blockNumber
[2019/04/08 10:38:56.858] - eth_blockNumber
[2019/04/08 10:38:57.869] - eth_blockNumber
[2019/04/08 10:38:58.881] - eth_blockNumber
[2019/04/08 10:38:59.895] - eth_blockNumber
[2019/04/08 10:39:00.906] - eth_blockNumber
[2019/04/08 10:39:01.919] - eth_blockNumber
[2019/04/08 10:39:02.928] - eth_blockNumber
[2019/04/08 10:39:03.940] - eth_blockNumber
[2019/04/08 10:39:04.632] - net_version
[2019/04/08 10:39:04.884] - net_version
[2019/04/08 10:39:04.963] - eth_blockNumber
[2019/04/08 10:39:05.977] - eth_blockNumber
[2019/04/08 10:39:06.990] - eth_blockNumber
[2019/04/08 10:39:08.004] - eth_blockNumber
[2019/04/08 10:39:08.731] - net_version
[2019/04/08 10:39:09.018] - eth_blockNumber
[2019/04/08 10:39:10.032] - eth_blockNumber
[2019/04/08 10:39:11.045] - eth_blockNumber
[2019/04/08 10:39:12.057] - eth_blockNumber
[2019/04/08 10:39:13.068] - eth_blockNumber
[2019/04/08 10:39:14.078] - eth_blockNumber
[2019/04/08 10:39:15.089] - eth_blockNumber
[2019/04/08 10:39:16.099] - eth_blockNumber
[2019/04/08 10:39:17.110] - eth_blockNumber
[2019/04/08 10:39:18.121] - eth_blockNumber
[2019/04/08 10:39:19.133] - eth_blockNumber
[2019/04/08 10:39:20.147] - eth_blockNumber
[2019/04/08 10:39:21.156] - eth_blockNumber
[2019/04/08 10:39:22.167] - eth_blockNumber
[2019/04/08 10:39:23.178] - eth_blockNumber
[2019/04/08 10:39:24.190] - eth_blockNumber
[2019/04/08 10:39:25.204] - eth_blockNumber
[2019/04/08 10:39:26.219] - eth_blockNumber
[2019/04/08 10:39:27.225] - eth_blockNumber
[2019/04/08 10:39:28.231] - eth_blockNumber
[2019/04/08 10:39:29.241] - eth_blockNumber
[2019/04/08 10:39:30.247] - eth_blockNumber
[2019/04/08 10:39:31.254] - eth_blockNumber
[2019/04/08 10:39:32.265] - eth_blockNumber
[2019/04/08 10:39:33.273] - eth_blockNumber
[2019/04/08 10:39:34.279] - eth_blockNumber
[2019/04/08 10:39:35.285] - eth_blockNumber
[2019/04/08 10:39:36.291] - eth_blockNumber
[2019/04/08 10:39:37.301] - eth_blockNumber
[2019/04/08 10:39:38.308] - eth_blockNumber
[2019/04/08 10:39:39.313] - eth_blockNumber
[2019/04/08 10:39:40.323] - eth_blockNumber
[2019/04/08 10:39:41.328] - eth_blockNumber
[2019/04/08 10:39:42.334] - eth_blockNumber
[2019/04/08 10:39:43.345] - eth_blockNumber
[2019/04/08 10:39:44.351] - eth_blockNumber
[2019/04/08 10:39:45.359] - eth_blockNumber
[2019/04/08 10:39:46.365] - eth_blockNumber
[2019/04/08 10:39:47.374] - eth_blockNumber
[2019/04/08 10:39:47.718] - net_version
[2019/04/08 10:39:47.731] - net_version
[2019/04/08 10:39:48.386] - eth_blockNumber
[2019/04/08 10:39:49.398] - eth_blockNumber
[2019/04/08 10:39:50.413] - eth_blockNumber
[2019/04/08 10:39:51.427] - eth_blockNumber
[2019/04/08 10:39:52.438] - eth_blockNumber
[2019/04/08 10:39:53.451] - eth_blockNumber
[2019/04/08 10:39:54.467] - eth_blockNumber
[2019/04/08 10:39:55.480] - eth_blockNumber
[2019/04/08 10:39:56.565] - eth_blockNumber
[2019/04/08 10:39:57.601] - eth_blockNumber
[2019/04/08 10:39:58.626] - eth_blockNumber
[2019/04/08 10:39:59.638] - eth_blockNumber
[2019/04/08 10:40:00.652] - eth_blockNumber
[2019/04/08 10:40:01.661] - eth_blockNumber
[2019/04/08 10:40:02.782] - eth_getBalance
[2019/04/08 10:40:02.788] - eth_getBalance
[2019/04/08 10:40:02.788] - eth_getBalance
[2019/04/08 10:40:02.793] - eth_blockNumber
[2019/04/08 10:40:03.052] - eth_getTransactionCount
[2019/04/08 10:40:03.819] - eth_blockNumber
[2019/04/08 10:40:03.881] - eth_getCode
[2019/04/08 10:40:04.831] - eth_blockNumber
[2019/04/08 10:40:05.846] - eth_blockNumber
[2019/04/08 10:40:06.861] - eth_blockNumber
[2019/04/08 10:40:07.871] - eth_blockNumber
[2019/04/08 10:40:08.408] - net_version
[2019/04/08 10:40:08.885] - eth_blockNumber
[2019/04/08 10:40:09.903] - eth_blockNumber
[2019/04/08 10:40:10.911] - eth_blockNumber
[2019/04/08 10:40:11.047] - net_version
[2019/04/08 10:40:11.920] - eth_blockNumber
[2019/04/08 10:40:12.023] - net_version
[2019/04/08 10:40:12.038] - eth_getBalance
[2019/04/08 10:40:12.041] - net_version
[2019/04/08 10:40:12.929] - eth_blockNumber
[2019/04/08 10:40:13.941] - eth_blockNumber
[2019/04/08 10:40:14.952] - eth_blockNumber
[2019/04/08 10:40:15.962] - eth_blockNumber
[2019/04/08 10:40:16.973] - eth_blockNumber
[2019/04/08 10:40:17.989] - eth_blockNumber
[2019/04/08 10:40:19.001] - eth_blockNumber
[2019/04/08 10:40:20.012] - eth_blockNumber
[2019/04/08 10:40:21.023] - eth_blockNumber
[2019/04/08 10:40:22.034] - eth_blockNumber
[2019/04/08 10:40:22.994] - net_version
[2019/04/08 10:40:23.043] - eth_blockNumber
[2019/04/08 10:40:24.048] - eth_blockNumber
[2019/04/08 10:40:24.356] - net_version
[2019/04/08 10:40:25.056] - eth_blockNumber
[2019/04/08 10:40:26.062] - eth_blockNumber
[2019/04/08 10:40:26.376] - net_version
[2019/04/08 10:40:27.072] - eth_blockNumber
[2019/04/08 10:40:28.082] - eth_blockNumber
[2019/04/08 10:40:29.096] - eth_blockNumber
[2019/04/08 10:40:30.109] - eth_blockNumber
[2019/04/08 10:40:31.121] - eth_blockNumber
[2019/04/08 10:40:32.133] - eth_blockNumber
[2019/04/08 10:40:33.141] - eth_blockNumber
[2019/04/08 10:40:34.152] - eth_blockNumber
[2019/04/08 10:40:35.162] - eth_blockNumber
[2019/04/08 10:40:36.172] - eth_blockNumber
[2019/04/08 10:40:37.184] - eth_blockNumber
[2019/04/08 10:40:38.194] - eth_blockNumber
[2019/04/08 10:40:39.205] - eth_blockNumber
[2019/04/08 10:40:40.216] - eth_blockNumber
[2019/04/08 10:40:41.227] - eth_blockNumber
[2019/04/08 10:40:42.237] - eth_blockNumber
[2019/04/08 10:40:42.686] - net_version
[2019/04/08 10:40:43.250] - eth_blockNumber
[2019/04/08 10:40:44.265] - eth_blockNumber
[2019/04/08 10:40:45.274] - eth_blockNumber
[2019/04/08 10:40:46.284] - eth_blockNumber
[2019/04/08 10:40:47.293] - eth_blockNumber
[2019/04/08 10:40:48.304] - eth_blockNumber
[2019/04/08 10:40:49.316] - eth_blockNumber
[2019/04/08 10:40:50.328] - eth_blockNumber
[2019/04/08 10:40:51.337] - eth_blockNumber
[2019/04/08 10:40:52.347] - eth_blockNumber
[2019/04/08 10:40:53.362] - eth_blockNumber
[2019/04/08 10:40:54.374] - eth_blockNumber
[2019/04/08 10:40:55.387] - eth_blockNumber
[2019/04/08 10:40:56.409] - eth_blockNumber
[2019/04/08 10:40:57.420] - eth_blockNumber
[2019/04/08 10:40:58.435] - eth_blockNumber
[2019/04/08 10:40:59.444] - eth_blockNumber
[2019/04/08 10:41:00.377] - net_version
[2019/04/08 10:41:00.402] - eth_getBalance
[2019/04/08 10:41:00.406] - net_version
[2019/04/08 10:41:00.453] - eth_blockNumber
[2019/04/08 10:41:01.478] - eth_blockNumber
[2019/04/08 10:41:02.492] - eth_blockNumber
[2019/04/08 10:41:03.503] - eth_blockNumber
[2019/04/08 10:41:04.517] - eth_blockNumber
[2019/04/08 10:41:05.530] - eth_blockNumber
[2019/04/08 10:41:06.542] - eth_blockNumber
[2019/04/08 10:41:07.554] - eth_blockNumber
[2019/04/08 10:41:08.566] - eth_blockNumber
[2019/04/08 10:41:09.578] - eth_blockNumber
[2019/04/08 10:41:10.588] - eth_blockNumber
[2019/04/08 10:41:11.600] - eth_blockNumber
[2019/04/08 10:41:12.609] - eth_blockNumber
[2019/04/08 10:41:13.617] - eth_blockNumber
[2019/04/08 10:41:14.628] - eth_blockNumber
[2019/04/08 10:41:15.639] - eth_blockNumber
[2019/04/08 10:41:16.653] - eth_blockNumber
[2019/04/08 10:41:17.667] - eth_blockNumber
[2019/04/08 10:41:18.680] - eth_blockNumber
[2019/04/08 10:41:19.694] - eth_blockNumber
[2019/04/08 10:41:20.707] - eth_blockNumber
[2019/04/08 10:41:21.718] - eth_blockNumber
[2019/04/08 10:41:22.734] - eth_blockNumber
[2019/04/08 10:41:23.747] - eth_blockNumber
[2019/04/08 10:41:24.757] - eth_blockNumber
[2019/04/08 10:41:25.769] - eth_blockNumber
[2019/04/08 10:41:26.239] - eth_unsubscribe
[2019/04/08 10:41:26.240] - eth_unsubscribe
[2019/04/08 10:41:27.259] - Warning: stopMining called when miner was already stopped
