[2019/04/10 13:34:21.867] - Starting server (version 2.0.0) with initial configuration: {"gasLimit":6721975,"gasPrice":20000000000,"hardfork":"petersburg","hostname":"127.0.0.1","port":8545,"network_id":5777,"default_balance_ether":100,"total_accounts":10,"unlocked_accounts":[],"locked":false,"vmErrorsOnRPCResponse":true,"verbose":false,"db_path":"/home/pc/.config/Ganache/workspaces/lei2/chaindata","logDirectory":"/home/pc/Desktop/vuebox/logs"}
[2019/04/10 13:34:22.055] - eth_getCode
[2019/04/10 13:34:22.058] - eth_subscribe
[2019/04/10 13:34:22.060] - eth_getLogs
[2019/04/10 13:34:22.066] - eth_subscribe
[2019/04/10 13:34:22.090] - eth_getCode
[2019/04/10 13:34:22.173] - eth_getCode
[2019/04/10 13:34:22.207] - eth_blockNumber
[2019/04/10 13:34:22.209] - eth_getCode
[2019/04/10 13:34:22.227] - eth_getBlockByNumber
[2019/04/10 13:34:22.231] - eth_getBlockByNumber
[2019/04/10 13:34:22.249] - eth_getBlockByNumber
[2019/04/10 13:34:22.261] - eth_getBlockByNumber
[2019/04/10 13:34:22.261] - eth_getBlockByNumber
[2019/04/10 13:34:22.277] - eth_getBlockByNumber
[2019/04/10 13:34:22.279] - eth_getBlockByNumber
[2019/04/10 13:34:22.284] - eth_getBlockByNumber
[2019/04/10 13:34:22.295] - eth_getBlockByNumber
[2019/04/10 13:34:22.324] - eth_getBlockByNumber
[2019/04/10 13:34:22.340] - eth_getBlockByNumber
[2019/04/10 13:34:22.347] - eth_getBlockByNumber
[2019/04/10 13:34:22.364] - eth_getBlockByNumber
[2019/04/10 13:34:22.364] - eth_blockNumber
[2019/04/10 13:34:22.364] - eth_accounts
[2019/04/10 13:34:22.365] - eth_gasPrice
[2019/04/10 13:34:22.365] - eth_getBlockByNumber
[2019/04/10 13:34:22.365] - eth_subscribe
[2019/04/10 13:34:22.383] - eth_getBlockByNumber
[2019/04/10 13:34:22.407] - eth_getBlockByNumber
[2019/04/10 13:34:22.417] - eth_getBlockByNumber
[2019/04/10 13:34:22.418] - eth_getBlockByNumber
[2019/04/10 13:34:22.431] - eth_getBlockByNumber
[2019/04/10 13:34:22.437] - eth_getBlockByNumber
[2019/04/10 13:34:22.457] - eth_getBlockByNumber
[2019/04/10 13:34:22.473] - eth_getBlockByNumber
[2019/04/10 13:34:22.480] - eth_getBlockByNumber
[2019/04/10 13:34:22.492] - eth_getBlockByNumber
[2019/04/10 13:34:22.496] - eth_getBlockByNumber
[2019/04/10 13:34:22.502] - eth_getBlockByNumber
[2019/04/10 13:34:22.508] - eth_getBlockByNumber
[2019/04/10 13:34:22.515] - eth_getBlockByNumber
[2019/04/10 13:34:22.524] - eth_getBlockByNumber
[2019/04/10 13:34:22.530] - eth_getBlockByNumber
[2019/04/10 13:34:22.534] - eth_getBlockByNumber
[2019/04/10 13:34:22.538] - eth_getBlockByNumber
[2019/04/10 13:34:22.553] - eth_getBlockByNumber
[2019/04/10 13:34:22.562] - eth_getBlockByNumber
[2019/04/10 13:34:22.570] - eth_getBlockByNumber
[2019/04/10 13:34:22.576] - eth_getBlockByNumber
[2019/04/10 13:34:22.581] - eth_getBlockByNumber
[2019/04/10 13:34:22.587] - eth_getBlockByNumber
[2019/04/10 13:34:22.594] - eth_getBlockByNumber
[2019/04/10 13:34:22.609] - eth_getBlockByNumber
[2019/04/10 13:34:22.611] - eth_getBlockByNumber
[2019/04/10 13:34:22.622] - eth_getBlockByNumber
[2019/04/10 13:34:22.780] - eth_accounts
[2019/04/10 13:34:22.864] - eth_getBalance
[2019/04/10 13:34:22.871] - eth_getTransactionCount
[2019/04/10 13:34:22.878] - eth_getBalance
[2019/04/10 13:34:22.888] - eth_getTransactionCount
[2019/04/10 13:34:22.922] - eth_getBalance
[2019/04/10 13:34:22.943] - eth_getTransactionCount
[2019/04/10 13:34:22.953] - eth_getBalance
[2019/04/10 13:34:22.964] - eth_getTransactionCount
[2019/04/10 13:34:22.976] - eth_getBalance
[2019/04/10 13:34:22.986] - eth_getTransactionCount
[2019/04/10 13:34:23.005] - eth_getBalance
[2019/04/10 13:34:23.024] - eth_getTransactionCount
[2019/04/10 13:34:23.035] - eth_getBalance
[2019/04/10 13:34:23.047] - eth_getTransactionCount
[2019/04/10 13:34:23.056] - eth_getBalance
[2019/04/10 13:34:23.068] - eth_getTransactionCount
[2019/04/10 13:34:23.076] - eth_getBalance
[2019/04/10 13:34:23.097] - eth_getTransactionCount
[2019/04/10 13:34:23.121] - eth_getBalance
[2019/04/10 13:34:23.134] - eth_getTransactionCount
[2019/04/10 13:34:23.294] - eth_getBalance
[2019/04/10 13:34:23.303] - eth_getTransactionCount
[2019/04/10 13:34:23.314] - eth_getBalance
[2019/04/10 13:34:23.348] - eth_getTransactionCount
[2019/04/10 13:34:23.358] - eth_getBalance
[2019/04/10 13:34:23.369] - eth_getTransactionCount
[2019/04/10 13:34:23.382] - eth_getBalance
[2019/04/10 13:34:23.393] - eth_getTransactionCount
[2019/04/10 13:34:23.405] - eth_getBalance
[2019/04/10 13:34:23.426] - eth_getTransactionCount
[2019/04/10 13:34:23.451] - eth_getBalance
[2019/04/10 13:34:23.457] - eth_getTransactionCount
[2019/04/10 13:34:23.472] - eth_getBalance
[2019/04/10 13:34:23.478] - eth_getTransactionCount
[2019/04/10 13:34:23.485] - eth_getBalance
[2019/04/10 13:34:23.491] - eth_blockNumber
[2019/04/10 13:34:23.504] - eth_getTransactionCount
[2019/04/10 13:34:23.514] - eth_getBalance
[2019/04/10 13:34:23.524] - eth_getTransactionCount
[2019/04/10 13:34:23.535] - eth_getBalance
[2019/04/10 13:34:23.553] - eth_getTransactionCount
[2019/04/10 13:34:24.501] - eth_blockNumber
[2019/04/10 13:34:25.507] - eth_blockNumber
[2019/04/10 13:34:26.523] - eth_blockNumber
[2019/04/10 13:34:27.554] - eth_blockNumber
[2019/04/10 13:34:28.580] - eth_blockNumber
[2019/04/10 13:34:29.607] - eth_blockNumber
[2019/04/10 13:34:30.684] - eth_blockNumber
[2019/04/10 13:34:31.717] - eth_blockNumber
[2019/04/10 13:34:32.745] - eth_blockNumber
[2019/04/10 13:34:33.771] - eth_blockNumber
[2019/04/10 13:34:34.776] - eth_blockNumber
[2019/04/10 13:34:35.782] - eth_blockNumber
[2019/04/10 13:34:36.788] - eth_blockNumber
[2019/04/10 13:34:37.794] - eth_blockNumber
[2019/04/10 13:34:38.800] - eth_blockNumber
[2019/04/10 13:34:39.806] - eth_blockNumber
[2019/04/10 13:34:40.812] - eth_blockNumber
[2019/04/10 13:34:41.823] - eth_blockNumber
[2019/04/10 13:34:42.830] - eth_blockNumber
[2019/04/10 13:34:43.836] - eth_blockNumber
[2019/04/10 13:34:44.842] - eth_blockNumber
[2019/04/10 13:34:45.848] - eth_blockNumber
[2019/04/10 13:34:46.854] - eth_blockNumber
[2019/04/10 13:34:47.862] - eth_blockNumber
[2019/04/10 13:34:48.871] - eth_blockNumber
[2019/04/10 13:34:49.877] - eth_blockNumber
[2019/04/10 13:34:50.887] - eth_blockNumber
[2019/04/10 13:34:51.893] - eth_blockNumber
[2019/04/10 13:34:52.902] - eth_blockNumber
[2019/04/10 13:34:53.910] - eth_blockNumber
[2019/04/10 13:34:54.064] - net_version
[2019/04/10 13:34:54.078] - net_version
[2019/04/10 13:34:54.081] - net_version
[2019/04/10 13:34:54.923] - eth_blockNumber
[2019/04/10 13:34:55.933] - eth_blockNumber
[2019/04/10 13:34:56.943] - eth_blockNumber
[2019/04/10 13:34:57.956] - eth_blockNumber
[2019/04/10 13:34:58.966] - eth_blockNumber
[2019/04/10 13:34:59.976] - eth_blockNumber
[2019/04/10 13:35:00.990] - eth_blockNumber
[2019/04/10 13:35:02.007] - eth_blockNumber
[2019/04/10 13:35:03.022] - eth_blockNumber
[2019/04/10 13:35:04.036] - eth_blockNumber
[2019/04/10 13:35:05.046] - eth_blockNumber
[2019/04/10 13:35:06.057] - eth_blockNumber
[2019/04/10 13:35:07.067] - eth_blockNumber
[2019/04/10 13:35:08.079] - eth_blockNumber
[2019/04/10 13:35:09.089] - eth_blockNumber
[2019/04/10 13:35:10.098] - eth_blockNumber
[2019/04/10 13:35:11.112] - eth_blockNumber
[2019/04/10 13:35:12.126] - eth_blockNumber
[2019/04/10 13:35:13.137] - eth_blockNumber
[2019/04/10 13:35:14.147] - eth_blockNumber
[2019/04/10 13:35:15.163] - eth_blockNumber
[2019/04/10 13:35:16.174] - eth_blockNumber
[2019/04/10 13:35:17.187] - eth_blockNumber
[2019/04/10 13:35:18.199] - eth_blockNumber
[2019/04/10 13:35:19.212] - eth_blockNumber
[2019/04/10 13:35:20.225] - eth_blockNumber
[2019/04/10 13:35:21.235] - eth_blockNumber
[2019/04/10 13:35:22.252] - eth_blockNumber
[2019/04/10 13:35:23.263] - eth_blockNumber
[2019/04/10 13:35:24.275] - eth_blockNumber
[2019/04/10 13:35:25.288] - eth_blockNumber
[2019/04/10 13:35:26.297] - eth_blockNumber
[2019/04/10 13:35:27.308] - eth_blockNumber
[2019/04/10 13:35:28.322] - eth_blockNumber
[2019/04/10 13:35:29.333] - eth_blockNumber
[2019/04/10 13:35:30.342] - eth_blockNumber
[2019/04/10 13:35:31.352] - eth_blockNumber
[2019/04/10 13:35:32.367] - eth_blockNumber
[2019/04/10 13:35:33.378] - eth_blockNumber
[2019/04/10 13:35:34.389] - eth_blockNumber
[2019/04/10 13:35:35.399] - eth_blockNumber
[2019/04/10 13:35:36.411] - eth_blockNumber
[2019/04/10 13:35:37.422] - eth_blockNumber
[2019/04/10 13:35:38.434] - eth_blockNumber
[2019/04/10 13:35:39.445] - eth_blockNumber
[2019/04/10 13:35:40.456] - eth_blockNumber
[2019/04/10 13:35:41.468] - eth_blockNumber
[2019/04/10 13:35:42.483] - eth_blockNumber
[2019/04/10 13:35:43.500] - eth_blockNumber
[2019/04/10 13:35:44.520] - eth_blockNumber
[2019/04/10 13:35:45.534] - eth_blockNumber
[2019/04/10 13:35:46.545] - eth_blockNumber
[2019/04/10 13:35:47.560] - eth_blockNumber
[2019/04/10 13:35:48.574] - eth_blockNumber
[2019/04/10 13:35:49.590] - eth_blockNumber
[2019/04/10 13:35:50.602] - eth_blockNumber
[2019/04/10 13:35:51.618] - eth_blockNumber
[2019/04/10 13:35:52.631] - eth_blockNumber
[2019/04/10 13:35:53.645] - eth_blockNumber
[2019/04/10 13:35:54.658] - eth_blockNumber
[2019/04/10 13:35:55.672] - eth_blockNumber
[2019/04/10 13:35:56.683] - eth_blockNumber
[2019/04/10 13:35:57.694] - eth_blockNumber
[2019/04/10 13:35:58.706] - eth_blockNumber
[2019/04/10 13:35:59.716] - eth_blockNumber
[2019/04/10 13:36:00.726] - eth_blockNumber
[2019/04/10 13:36:01.740] - eth_blockNumber
[2019/04/10 13:36:02.751] - eth_blockNumber
[2019/04/10 13:36:03.762] - eth_blockNumber
[2019/04/10 13:36:04.776] - eth_blockNumber
[2019/04/10 13:36:05.788] - eth_blockNumber
[2019/04/10 13:36:06.803] - eth_blockNumber
[2019/04/10 13:36:07.819] - eth_blockNumber
[2019/04/10 13:36:08.830] - eth_blockNumber
[2019/04/10 13:36:09.847] - eth_blockNumber
[2019/04/10 13:36:10.858] - eth_blockNumber
[2019/04/10 13:36:11.869] - eth_blockNumber
[2019/04/10 13:36:12.878] - eth_blockNumber
[2019/04/10 13:36:13.886] - eth_blockNumber
[2019/04/10 13:36:14.897] - eth_blockNumber
[2019/04/10 13:36:15.907] - eth_blockNumber
[2019/04/10 13:36:16.918] - eth_blockNumber
[2019/04/10 13:36:17.928] - eth_blockNumber
[2019/04/10 13:36:18.940] - eth_blockNumber
[2019/04/10 13:36:19.956] - eth_blockNumber
[2019/04/10 13:36:20.983] - eth_blockNumber
[2019/04/10 13:36:21.997] - eth_blockNumber
[2019/04/10 13:36:23.013] - eth_blockNumber
[2019/04/10 13:36:24.026] - eth_blockNumber
[2019/04/10 13:36:25.035] - eth_blockNumber
[2019/04/10 13:36:26.047] - eth_blockNumber
[2019/04/10 13:36:27.058] - eth_blockNumber
[2019/04/10 13:36:28.267] - eth_blockNumber
[2019/04/10 13:36:29.291] - eth_blockNumber
[2019/04/10 13:36:30.327] - eth_blockNumber
[2019/04/10 13:36:31.345] - eth_blockNumber
[2019/04/10 13:36:32.355] - eth_blockNumber
[2019/04/10 13:36:33.375] - eth_blockNumber
[2019/04/10 13:36:34.389] - eth_blockNumber
[2019/04/10 13:36:35.402] - eth_blockNumber
[2019/04/10 13:36:36.414] - eth_blockNumber
[2019/04/10 13:36:37.423] - eth_blockNumber
[2019/04/10 13:36:38.435] - eth_blockNumber
[2019/04/10 13:36:39.487] - eth_blockNumber
[2019/04/10 13:36:40.499] - eth_blockNumber
[2019/04/10 13:36:41.513] - eth_blockNumber
[2019/04/10 13:36:42.528] - eth_blockNumber
[2019/04/10 13:36:43.536] - eth_blockNumber
[2019/04/10 13:36:44.551] - eth_blockNumber
[2019/04/10 13:36:45.561] - eth_blockNumber
[2019/04/10 13:36:46.575] - eth_blockNumber
[2019/04/10 13:36:47.587] - eth_blockNumber
[2019/04/10 13:36:48.598] - eth_blockNumber
[2019/04/10 13:36:49.609] - eth_blockNumber
[2019/04/10 13:36:50.621] - eth_blockNumber
[2019/04/10 13:36:51.632] - eth_blockNumber
[2019/04/10 13:36:52.641] - eth_blockNumber
[2019/04/10 13:36:53.660] - eth_blockNumber
[2019/04/10 13:36:54.673] - eth_blockNumber
[2019/04/10 13:36:55.686] - eth_blockNumber
[2019/04/10 13:36:56.700] - eth_blockNumber
[2019/04/10 13:36:57.714] - eth_blockNumber
[2019/04/10 13:36:58.730] - eth_blockNumber
[2019/04/10 13:36:59.743] - eth_blockNumber
[2019/04/10 13:37:00.758] - eth_blockNumber
[2019/04/10 13:37:01.776] - eth_blockNumber
[2019/04/10 13:37:02.789] - eth_blockNumber
[2019/04/10 13:37:03.802] - eth_blockNumber
[2019/04/10 13:37:04.816] - eth_blockNumber
[2019/04/10 13:37:05.825] - eth_blockNumber
[2019/04/10 13:37:06.835] - eth_blockNumber
[2019/04/10 13:37:07.846] - eth_blockNumber
[2019/04/10 13:37:08.860] - eth_blockNumber
[2019/04/10 13:37:09.870] - eth_blockNumber
[2019/04/10 13:37:10.883] - eth_blockNumber
[2019/04/10 13:37:11.896] - eth_blockNumber
[2019/04/10 13:37:12.912] - eth_blockNumber
[2019/04/10 13:37:13.931] - eth_blockNumber
[2019/04/10 13:37:14.942] - eth_blockNumber
[2019/04/10 13:37:15.293] - net_version
[2019/04/10 13:37:15.302] - net_version
[2019/04/10 13:37:15.303] - net_version
[2019/04/10 13:37:15.952] - eth_blockNumber
[2019/04/10 13:37:16.965] - eth_blockNumber
[2019/04/10 13:37:17.978] - eth_blockNumber
[2019/04/10 13:37:18.988] - eth_blockNumber
[2019/04/10 13:37:20.000] - eth_blockNumber
[2019/04/10 13:37:21.010] - eth_blockNumber
[2019/04/10 13:37:22.022] - eth_blockNumber
[2019/04/10 13:37:23.036] - eth_blockNumber
[2019/04/10 13:37:24.048] - eth_blockNumber
[2019/04/10 13:37:25.062] - eth_blockNumber
[2019/04/10 13:37:26.074] - eth_blockNumber
[2019/04/10 13:37:27.087] - eth_blockNumber
[2019/04/10 13:37:28.099] - eth_blockNumber
[2019/04/10 13:37:29.115] - eth_blockNumber
[2019/04/10 13:37:30.133] - eth_blockNumber
[2019/04/10 13:37:31.154] - eth_blockNumber
[2019/04/10 13:37:32.168] - eth_blockNumber
[2019/04/10 13:37:33.178] - eth_blockNumber
[2019/04/10 13:37:34.190] - eth_blockNumber
[2019/04/10 13:37:35.200] - eth_blockNumber
[2019/04/10 13:37:36.216] - eth_blockNumber
[2019/04/10 13:37:37.230] - eth_blockNumber
[2019/04/10 13:37:38.243] - eth_blockNumber
[2019/04/10 13:37:39.260] - eth_blockNumber
[2019/04/10 13:37:40.274] - eth_blockNumber
[2019/04/10 13:37:41.288] - eth_blockNumber
[2019/04/10 13:37:42.305] - eth_blockNumber
[2019/04/10 13:37:43.319] - eth_blockNumber
[2019/04/10 13:37:44.334] - eth_blockNumber
[2019/04/10 13:37:45.354] - eth_blockNumber
[2019/04/10 13:37:46.384] - eth_blockNumber
[2019/04/10 13:37:47.397] - eth_blockNumber
[2019/04/10 13:37:48.410] - eth_blockNumber
[2019/04/10 13:37:49.424] - eth_blockNumber
[2019/04/10 13:37:50.445] - eth_blockNumber
[2019/04/10 13:37:51.455] - eth_blockNumber
[2019/04/10 13:37:52.465] - eth_blockNumber
[2019/04/10 13:37:53.479] - eth_blockNumber
[2019/04/10 13:37:54.494] - eth_blockNumber
[2019/04/10 13:37:55.505] - eth_blockNumber
[2019/04/10 13:37:56.511] - eth_blockNumber
[2019/04/10 13:37:57.543] - eth_blockNumber
[2019/04/10 13:37:58.561] - eth_blockNumber
[2019/04/10 13:37:59.583] - eth_blockNumber
[2019/04/10 13:38:00.592] - eth_blockNumber
[2019/04/10 13:38:01.611] - eth_blockNumber
[2019/04/10 13:38:02.625] - eth_blockNumber
[2019/04/10 13:38:03.643] - eth_blockNumber
[2019/04/10 13:38:04.658] - eth_blockNumber
[2019/04/10 13:38:05.676] - eth_blockNumber
[2019/04/10 13:38:06.689] - eth_blockNumber
[2019/04/10 13:38:07.705] - eth_blockNumber
[2019/04/10 13:38:08.718] - eth_blockNumber
[2019/04/10 13:38:09.739] - eth_blockNumber
[2019/04/10 13:38:10.755] - eth_blockNumber
[2019/04/10 13:38:11.771] - eth_blockNumber
[2019/04/10 13:38:12.785] - eth_blockNumber
[2019/04/10 13:38:13.800] - eth_blockNumber
[2019/04/10 13:38:14.819] - eth_blockNumber
[2019/04/10 13:38:15.841] - eth_blockNumber
[2019/04/10 13:38:16.856] - eth_blockNumber
[2019/04/10 13:38:17.868] - eth_blockNumber
[2019/04/10 13:38:18.878] - eth_blockNumber
[2019/04/10 13:38:19.889] - eth_blockNumber
[2019/04/10 13:38:20.901] - eth_blockNumber
[2019/04/10 13:38:21.912] - eth_blockNumber
[2019/04/10 13:38:22.923] - eth_blockNumber
[2019/04/10 13:38:23.934] - eth_blockNumber
[2019/04/10 13:38:24.949] - eth_blockNumber
[2019/04/10 13:38:25.960] - eth_blockNumber
[2019/04/10 13:38:26.970] - eth_blockNumber
[2019/04/10 13:38:27.985] - eth_blockNumber
[2019/04/10 13:38:28.999] - eth_blockNumber
[2019/04/10 13:38:30.010] - eth_blockNumber
[2019/04/10 13:38:31.023] - eth_blockNumber
[2019/04/10 13:38:32.035] - eth_blockNumber
[2019/04/10 13:38:33.044] - eth_blockNumber
[2019/04/10 13:38:34.052] - eth_blockNumber
[2019/04/10 13:38:35.063] - eth_blockNumber
[2019/04/10 13:38:36.075] - eth_blockNumber
[2019/04/10 13:38:37.087] - eth_blockNumber
[2019/04/10 13:38:38.099] - eth_blockNumber
[2019/04/10 13:38:39.110] - eth_blockNumber
[2019/04/10 13:38:40.122] - eth_blockNumber
[2019/04/10 13:38:41.134] - eth_blockNumber
[2019/04/10 13:38:42.144] - eth_blockNumber
[2019/04/10 13:38:43.155] - eth_blockNumber
[2019/04/10 13:38:44.165] - eth_blockNumber
[2019/04/10 13:38:45.175] - eth_blockNumber
[2019/04/10 13:38:46.186] - eth_blockNumber
[2019/04/10 13:38:47.198] - eth_blockNumber
[2019/04/10 13:38:48.208] - eth_blockNumber
[2019/04/10 13:38:49.219] - eth_blockNumber
[2019/04/10 13:38:50.231] - eth_blockNumber
[2019/04/10 13:38:51.240] - eth_blockNumber
[2019/04/10 13:38:52.252] - eth_blockNumber
[2019/04/10 13:38:53.263] - eth_blockNumber
[2019/04/10 13:38:54.271] - eth_blockNumber
[2019/04/10 13:38:55.282] - eth_blockNumber
[2019/04/10 13:38:56.293] - eth_blockNumber
[2019/04/10 13:38:57.309] - eth_blockNumber
[2019/04/10 13:38:58.321] - eth_blockNumber
[2019/04/10 13:38:59.334] - eth_blockNumber
[2019/04/10 13:39:00.345] - eth_blockNumber
[2019/04/10 13:39:01.356] - eth_blockNumber
[2019/04/10 13:39:02.367] - eth_blockNumber
[2019/04/10 13:39:03.375] - eth_blockNumber
[2019/04/10 13:39:04.386] - eth_blockNumber
[2019/04/10 13:39:05.394] - eth_blockNumber
[2019/04/10 13:39:06.405] - eth_blockNumber
[2019/04/10 13:39:07.416] - eth_blockNumber
[2019/04/10 13:39:08.429] - eth_blockNumber
[2019/04/10 13:39:09.443] - eth_blockNumber
[2019/04/10 13:39:10.454] - eth_blockNumber
[2019/04/10 13:39:11.466] - eth_blockNumber
[2019/04/10 13:39:12.475] - eth_blockNumber
[2019/04/10 13:39:13.486] - eth_blockNumber
[2019/04/10 13:39:14.500] - eth_blockNumber
[2019/04/10 13:39:15.511] - eth_blockNumber
[2019/04/10 13:39:16.522] - eth_blockNumber
[2019/04/10 13:39:17.533] - eth_blockNumber
[2019/04/10 13:39:18.542] - eth_blockNumber
[2019/04/10 13:39:19.557] - eth_blockNumber
[2019/04/10 13:39:20.567] - eth_blockNumber
[2019/04/10 13:39:21.577] - eth_blockNumber
[2019/04/10 13:39:22.587] - eth_blockNumber
[2019/04/10 13:39:23.597] - eth_blockNumber
[2019/04/10 13:39:24.608] - eth_blockNumber
[2019/04/10 13:39:25.619] - eth_blockNumber
[2019/04/10 13:39:26.628] - eth_blockNumber
[2019/04/10 13:39:27.639] - eth_blockNumber
[2019/04/10 13:39:28.652] - eth_blockNumber
[2019/04/10 13:39:29.664] - eth_blockNumber
[2019/04/10 13:39:30.674] - eth_blockNumber
[2019/04/10 13:39:31.685] - eth_blockNumber
[2019/04/10 13:39:32.696] - eth_blockNumber
[2019/04/10 13:39:33.707] - eth_blockNumber
[2019/04/10 13:39:34.718] - eth_blockNumber
[2019/04/10 13:39:35.729] - eth_blockNumber
[2019/04/10 13:39:36.740] - eth_blockNumber
[2019/04/10 13:39:37.751] - eth_blockNumber
[2019/04/10 13:39:38.765] - eth_blockNumber
[2019/04/10 13:39:39.775] - eth_blockNumber
[2019/04/10 13:39:40.786] - eth_blockNumber
[2019/04/10 13:39:41.797] - eth_blockNumber
[2019/04/10 13:39:42.808] - eth_blockNumber
[2019/04/10 13:39:43.820] - eth_blockNumber
[2019/04/10 13:39:44.828] - eth_blockNumber
[2019/04/10 13:39:45.840] - eth_blockNumber
[2019/04/10 13:39:46.851] - eth_blockNumber
[2019/04/10 13:39:47.865] - eth_blockNumber
[2019/04/10 13:39:48.876] - eth_blockNumber
[2019/04/10 13:39:49.888] - eth_blockNumber
[2019/04/10 13:39:50.901] - eth_blockNumber
[2019/04/10 13:39:51.913] - eth_blockNumber
[2019/04/10 13:39:52.924] - eth_blockNumber
[2019/04/10 13:39:53.936] - eth_blockNumber
[2019/04/10 13:39:54.948] - eth_blockNumber
[2019/04/10 13:39:55.966] - eth_blockNumber
[2019/04/10 13:39:56.977] - eth_blockNumber
[2019/04/10 13:39:57.988] - eth_blockNumber
[2019/04/10 13:39:59.001] - eth_blockNumber
[2019/04/10 13:40:00.010] - eth_blockNumber
[2019/04/10 13:40:01.020] - eth_blockNumber
[2019/04/10 13:40:02.032] - eth_blockNumber
[2019/04/10 13:40:03.045] - eth_blockNumber
[2019/04/10 13:40:04.057] - eth_blockNumber
[2019/04/10 13:40:05.070] - eth_blockNumber
[2019/04/10 13:40:06.082] - eth_blockNumber
[2019/04/10 13:40:07.091] - eth_blockNumber
[2019/04/10 13:40:08.103] - eth_blockNumber
[2019/04/10 13:40:09.116] - eth_blockNumber
[2019/04/10 13:40:10.131] - eth_blockNumber
[2019/04/10 13:40:11.140] - eth_blockNumber
[2019/04/10 13:40:12.151] - eth_blockNumber
[2019/04/10 13:40:13.167] - eth_blockNumber
[2019/04/10 13:40:14.178] - eth_blockNumber
[2019/04/10 13:40:15.189] - eth_blockNumber
[2019/04/10 13:40:16.199] - eth_blockNumber
[2019/04/10 13:40:17.211] - eth_blockNumber
[2019/04/10 13:40:18.221] - eth_blockNumber
[2019/04/10 13:40:19.237] - eth_blockNumber
[2019/04/10 13:40:20.250] - eth_blockNumber
[2019/04/10 13:40:21.262] - eth_blockNumber
[2019/04/10 13:40:22.274] - eth_blockNumber
[2019/04/10 13:40:23.284] - eth_blockNumber
[2019/04/10 13:40:24.295] - eth_blockNumber
[2019/04/10 13:40:25.306] - eth_blockNumber
[2019/04/10 13:40:26.317] - eth_blockNumber
[2019/04/10 13:40:27.329] - eth_blockNumber
[2019/04/10 13:40:28.344] - eth_blockNumber
[2019/04/10 13:40:29.360] - eth_blockNumber
[2019/04/10 13:40:30.379] - eth_blockNumber
[2019/04/10 13:40:31.392] - eth_blockNumber
[2019/04/10 13:40:32.403] - eth_blockNumber
[2019/04/10 13:40:33.414] - eth_blockNumber
[2019/04/10 13:40:34.425] - eth_blockNumber
[2019/04/10 13:40:35.436] - eth_blockNumber
[2019/04/10 13:40:36.447] - eth_blockNumber
[2019/04/10 13:40:37.457] - eth_blockNumber
[2019/04/10 13:40:38.473] - eth_blockNumber
[2019/04/10 13:40:39.485] - eth_blockNumber
[2019/04/10 13:40:40.496] - eth_blockNumber
[2019/04/10 13:40:41.507] - eth_blockNumber
[2019/04/10 13:40:42.517] - eth_blockNumber
[2019/04/10 13:40:43.528] - eth_blockNumber
[2019/04/10 13:40:44.539] - eth_blockNumber
[2019/04/10 13:40:45.550] - eth_blockNumber
[2019/04/10 13:40:46.562] - eth_blockNumber
[2019/04/10 13:40:47.573] - eth_blockNumber
[2019/04/10 13:40:48.585] - eth_blockNumber
[2019/04/10 13:40:49.596] - eth_blockNumber
[2019/04/10 13:40:50.607] - eth_blockNumber
[2019/04/10 13:40:51.617] - eth_blockNumber
[2019/04/10 13:40:52.630] - eth_blockNumber
[2019/04/10 13:40:53.638] - eth_blockNumber
[2019/04/10 13:40:54.649] - eth_blockNumber
[2019/04/10 13:40:55.666] - eth_blockNumber
[2019/04/10 13:40:56.679] - eth_blockNumber
[2019/04/10 13:40:57.691] - eth_blockNumber
[2019/04/10 13:40:58.705] - eth_blockNumber
[2019/04/10 13:40:59.716] - eth_blockNumber
[2019/04/10 13:41:00.728] - eth_blockNumber
[2019/04/10 13:41:01.739] - eth_blockNumber
[2019/04/10 13:41:02.751] - eth_blockNumber
[2019/04/10 13:41:03.762] - eth_blockNumber
[2019/04/10 13:41:04.775] - eth_blockNumber
[2019/04/10 13:41:05.786] - eth_blockNumber
[2019/04/10 13:41:06.800] - eth_blockNumber
[2019/04/10 13:41:07.811] - eth_blockNumber
[2019/04/10 13:41:08.824] - eth_blockNumber
[2019/04/10 13:41:09.836] - eth_blockNumber
[2019/04/10 13:41:10.852] - eth_blockNumber
[2019/04/10 13:41:11.864] - eth_blockNumber
[2019/04/10 13:41:12.876] - eth_blockNumber
[2019/04/10 13:41:13.890] - eth_blockNumber
[2019/04/10 13:41:14.898] - eth_blockNumber
[2019/04/10 13:41:15.910] - eth_blockNumber
[2019/04/10 13:41:16.921] - eth_blockNumber
[2019/04/10 13:41:17.933] - eth_blockNumber
[2019/04/10 13:41:18.944] - eth_blockNumber
[2019/04/10 13:41:19.952] - eth_blockNumber
[2019/04/10 13:41:20.963] - eth_blockNumber
[2019/04/10 13:41:21.977] - eth_blockNumber
[2019/04/10 13:41:22.988] - eth_blockNumber
[2019/04/10 13:41:23.997] - eth_blockNumber
[2019/04/10 13:41:25.009] - eth_blockNumber
[2019/04/10 13:41:26.019] - eth_blockNumber
[2019/04/10 13:41:27.031] - eth_blockNumber
[2019/04/10 13:41:28.042] - eth_blockNumber
[2019/04/10 13:41:29.058] - eth_blockNumber
[2019/04/10 13:41:30.067] - eth_blockNumber
[2019/04/10 13:41:31.076] - eth_blockNumber
[2019/04/10 13:41:32.087] - eth_blockNumber
[2019/04/10 13:41:33.103] - eth_blockNumber
[2019/04/10 13:41:34.119] - eth_blockNumber
[2019/04/10 13:41:35.130] - eth_blockNumber
[2019/04/10 13:41:36.141] - eth_blockNumber
[2019/04/10 13:41:37.152] - eth_blockNumber
[2019/04/10 13:41:38.164] - eth_blockNumber
[2019/04/10 13:41:39.176] - eth_blockNumber
[2019/04/10 13:41:40.194] - eth_blockNumber
[2019/04/10 13:41:41.206] - eth_blockNumber
[2019/04/10 13:41:42.218] - eth_blockNumber
[2019/04/10 13:41:43.230] - eth_blockNumber
[2019/04/10 13:41:44.241] - eth_blockNumber
[2019/04/10 13:41:45.252] - eth_blockNumber
[2019/04/10 13:41:46.265] - eth_blockNumber
[2019/04/10 13:41:47.277] - eth_blockNumber
[2019/04/10 13:41:48.296] - eth_blockNumber
[2019/04/10 13:41:49.306] - eth_blockNumber
[2019/04/10 13:41:50.319] - eth_blockNumber
[2019/04/10 13:41:51.331] - eth_blockNumber
[2019/04/10 13:41:52.342] - eth_blockNumber
[2019/04/10 13:41:53.350] - eth_blockNumber
[2019/04/10 13:41:54.363] - eth_blockNumber
[2019/04/10 13:41:55.375] - eth_blockNumber
[2019/04/10 13:41:56.384] - eth_blockNumber
[2019/04/10 13:41:57.397] - eth_blockNumber
[2019/04/10 13:41:58.408] - eth_blockNumber
[2019/04/10 13:41:59.419] - eth_blockNumber
[2019/04/10 13:42:00.429] - eth_blockNumber
[2019/04/10 13:42:01.439] - eth_blockNumber
[2019/04/10 13:42:02.451] - eth_blockNumber
[2019/04/10 13:42:03.466] - eth_blockNumber
[2019/04/10 13:42:04.478] - eth_blockNumber
[2019/04/10 13:42:05.490] - eth_blockNumber
[2019/04/10 13:42:06.503] - eth_blockNumber
[2019/04/10 13:42:07.515] - eth_blockNumber
[2019/04/10 13:42:08.527] - eth_blockNumber
[2019/04/10 13:42:09.538] - eth_blockNumber
[2019/04/10 13:42:10.549] - eth_blockNumber
[2019/04/10 13:42:11.562] - eth_blockNumber
[2019/04/10 13:42:12.572] - eth_blockNumber
[2019/04/10 13:42:13.580] - eth_blockNumber
[2019/04/10 13:42:14.592] - eth_blockNumber
[2019/04/10 13:42:15.605] - eth_blockNumber
[2019/04/10 13:42:16.615] - eth_blockNumber
[2019/04/10 13:42:17.627] - eth_blockNumber
[2019/04/10 13:42:18.641] - eth_blockNumber
[2019/04/10 13:42:19.655] - eth_blockNumber
[2019/04/10 13:42:20.667] - eth_blockNumber
[2019/04/10 13:42:21.689] - eth_blockNumber
[2019/04/10 13:42:22.701] - eth_blockNumber
[2019/04/10 13:42:23.713] - eth_blockNumber
[2019/04/10 13:42:24.724] - eth_blockNumber
[2019/04/10 13:42:25.735] - eth_blockNumber
[2019/04/10 13:42:26.746] - eth_blockNumber
[2019/04/10 13:42:27.758] - eth_blockNumber
[2019/04/10 13:42:28.768] - eth_blockNumber
[2019/04/10 13:42:29.776] - eth_blockNumber
[2019/04/10 13:42:30.789] - eth_blockNumber
[2019/04/10 13:42:31.800] - eth_blockNumber
[2019/04/10 13:42:32.811] - eth_blockNumber
[2019/04/10 13:42:33.829] - eth_blockNumber
[2019/04/10 13:42:34.841] - eth_blockNumber
[2019/04/10 13:42:35.855] - eth_blockNumber
[2019/04/10 13:42:36.867] - eth_blockNumber
[2019/04/10 13:42:37.880] - eth_blockNumber
[2019/04/10 13:42:38.892] - eth_blockNumber
[2019/04/10 13:42:39.903] - eth_blockNumber
[2019/04/10 13:42:40.917] - eth_blockNumber
[2019/04/10 13:42:41.933] - eth_blockNumber
[2019/04/10 13:42:42.945] - eth_blockNumber
[2019/04/10 13:42:43.958] - eth_blockNumber
[2019/04/10 13:42:44.969] - eth_blockNumber
[2019/04/10 13:42:45.982] - eth_blockNumber
[2019/04/10 13:42:46.994] - eth_blockNumber
[2019/04/10 13:42:48.011] - eth_blockNumber
[2019/04/10 13:42:49.025] - eth_blockNumber
[2019/04/10 13:42:50.039] - eth_blockNumber
[2019/04/10 13:42:51.055] - eth_blockNumber
[2019/04/10 13:42:52.072] - eth_blockNumber
[2019/04/10 13:42:53.114] - eth_blockNumber
[2019/04/10 13:42:54.127] - eth_blockNumber
[2019/04/10 13:42:55.140] - eth_blockNumber
[2019/04/10 13:42:56.153] - eth_blockNumber
[2019/04/10 13:42:57.175] - eth_blockNumber
[2019/04/10 13:42:58.189] - eth_blockNumber
[2019/04/10 13:42:59.203] - eth_blockNumber
[2019/04/10 13:43:00.223] - eth_blockNumber
[2019/04/10 13:43:01.244] - eth_blockNumber
[2019/04/10 13:43:02.263] - eth_blockNumber
[2019/04/10 13:43:03.276] - eth_blockNumber
[2019/04/10 13:43:04.288] - eth_blockNumber
[2019/04/10 13:43:05.300] - eth_blockNumber
[2019/04/10 13:43:06.312] - eth_blockNumber
[2019/04/10 13:43:07.324] - eth_blockNumber
[2019/04/10 13:43:08.337] - eth_blockNumber
[2019/04/10 13:43:09.352] - eth_blockNumber
[2019/04/10 13:43:10.365] - eth_blockNumber
[2019/04/10 13:43:11.376] - eth_blockNumber
[2019/04/10 13:43:12.387] - eth_blockNumber
[2019/04/10 13:43:13.399] - eth_blockNumber
[2019/04/10 13:43:14.411] - eth_blockNumber
[2019/04/10 13:43:15.423] - eth_blockNumber
[2019/04/10 13:43:16.431] - eth_blockNumber
[2019/04/10 13:43:17.443] - eth_blockNumber
[2019/04/10 13:43:18.455] - eth_blockNumber
[2019/04/10 13:43:19.465] - eth_blockNumber
[2019/04/10 13:43:20.476] - eth_blockNumber
[2019/04/10 13:43:21.486] - eth_blockNumber
[2019/04/10 13:43:22.497] - eth_blockNumber
[2019/04/10 13:43:23.508] - eth_blockNumber
[2019/04/10 13:43:24.519] - eth_blockNumber
[2019/04/10 13:43:25.529] - eth_blockNumber
[2019/04/10 13:43:26.540] - eth_blockNumber
[2019/04/10 13:43:27.555] - eth_blockNumber
[2019/04/10 13:43:28.566] - eth_blockNumber
[2019/04/10 13:43:29.577] - eth_blockNumber
[2019/04/10 13:43:30.589] - eth_blockNumber
[2019/04/10 13:43:31.600] - eth_blockNumber
[2019/04/10 13:43:32.612] - eth_blockNumber
[2019/04/10 13:43:33.626] - eth_blockNumber
[2019/04/10 13:43:34.638] - eth_blockNumber
[2019/04/10 13:43:35.648] - eth_blockNumber
[2019/04/10 13:43:36.659] - eth_blockNumber
[2019/04/10 13:43:37.671] - eth_blockNumber
[2019/04/10 13:43:38.683] - eth_blockNumber
[2019/04/10 13:43:39.694] - eth_blockNumber
[2019/04/10 13:43:40.705] - eth_blockNumber
[2019/04/10 13:43:41.715] - eth_blockNumber
[2019/04/10 13:43:42.724] - eth_blockNumber
[2019/04/10 13:43:43.735] - eth_blockNumber
[2019/04/10 13:43:44.746] - eth_blockNumber
[2019/04/10 13:43:45.757] - eth_blockNumber
[2019/04/10 13:43:46.768] - eth_blockNumber
[2019/04/10 13:43:47.780] - eth_blockNumber
[2019/04/10 13:43:48.788] - eth_blockNumber
[2019/04/10 13:43:49.799] - eth_blockNumber
[2019/04/10 13:43:50.810] - eth_blockNumber
[2019/04/10 13:43:51.819] - eth_blockNumber
[2019/04/10 13:43:52.831] - eth_blockNumber
[2019/04/10 13:43:53.841] - eth_blockNumber
[2019/04/10 13:43:54.851] - eth_blockNumber
[2019/04/10 13:43:55.863] - eth_blockNumber
[2019/04/10 13:43:56.874] - eth_blockNumber
[2019/04/10 13:43:57.884] - eth_blockNumber
[2019/04/10 13:43:58.895] - eth_blockNumber
[2019/04/10 13:43:59.909] - eth_blockNumber
[2019/04/10 13:44:00.919] - eth_blockNumber
[2019/04/10 13:44:01.931] - eth_blockNumber
[2019/04/10 13:44:02.942] - eth_blockNumber
[2019/04/10 13:44:03.954] - eth_blockNumber
[2019/04/10 13:44:04.965] - eth_blockNumber
[2019/04/10 13:44:05.981] - eth_blockNumber
[2019/04/10 13:44:06.992] - eth_blockNumber
[2019/04/10 13:44:08.005] - eth_blockNumber
[2019/04/10 13:44:09.017] - eth_blockNumber
[2019/04/10 13:44:10.027] - eth_blockNumber
[2019/04/10 13:44:11.039] - eth_blockNumber
[2019/04/10 13:44:12.050] - eth_blockNumber
[2019/04/10 13:44:13.061] - eth_blockNumber
[2019/04/10 13:44:14.071] - eth_blockNumber
[2019/04/10 13:44:15.082] - eth_blockNumber
[2019/04/10 13:44:16.092] - eth_blockNumber
[2019/04/10 13:44:17.103] - eth_blockNumber
[2019/04/10 13:44:18.113] - eth_blockNumber
[2019/04/10 13:44:19.125] - eth_blockNumber
[2019/04/10 13:44:20.136] - eth_blockNumber
[2019/04/10 13:44:21.152] - eth_blockNumber
[2019/04/10 13:44:22.160] - eth_blockNumber
[2019/04/10 13:44:23.173] - eth_blockNumber
[2019/04/10 13:44:24.185] - eth_blockNumber
[2019/04/10 13:44:25.196] - eth_blockNumber
[2019/04/10 13:44:26.209] - eth_blockNumber
[2019/04/10 13:44:27.218] - eth_blockNumber
[2019/04/10 13:44:28.230] - eth_blockNumber
[2019/04/10 13:44:29.242] - eth_blockNumber
[2019/04/10 13:44:30.252] - eth_blockNumber
[2019/04/10 13:44:31.262] - eth_blockNumber
[2019/04/10 13:44:32.273] - eth_blockNumber
[2019/04/10 13:44:33.286] - eth_blockNumber
[2019/04/10 13:44:34.299] - eth_blockNumber
[2019/04/10 13:44:35.312] - eth_blockNumber
[2019/04/10 13:44:36.327] - eth_blockNumber
[2019/04/10 13:44:37.337] - eth_blockNumber
[2019/04/10 13:44:38.352] - eth_blockNumber
[2019/04/10 13:44:39.361] - eth_blockNumber
[2019/04/10 13:44:40.373] - eth_blockNumber
[2019/04/10 13:44:41.385] - eth_blockNumber
[2019/04/10 13:44:42.395] - eth_blockNumber
[2019/04/10 13:44:43.407] - eth_blockNumber
[2019/04/10 13:44:44.420] - eth_blockNumber
[2019/04/10 13:44:45.431] - eth_blockNumber
[2019/04/10 13:44:46.443] - eth_blockNumber
[2019/04/10 13:44:47.458] - eth_blockNumber
[2019/04/10 13:44:48.470] - eth_blockNumber
[2019/04/10 13:44:49.481] - eth_blockNumber
[2019/04/10 13:44:50.491] - eth_blockNumber
[2019/04/10 13:44:51.502] - eth_blockNumber
[2019/04/10 13:44:51.577] - net_version
[2019/04/10 13:44:52.513] - eth_blockNumber
[2019/04/10 13:44:53.525] - eth_blockNumber
[2019/04/10 13:44:54.541] - eth_blockNumber
[2019/04/10 13:44:55.559] - eth_blockNumber
[2019/04/10 13:44:56.577] - eth_blockNumber
[2019/04/10 13:44:57.590] - eth_blockNumber
[2019/04/10 13:44:58.607] - eth_blockNumber
[2019/04/10 13:44:59.620] - eth_blockNumber
[2019/04/10 13:45:00.634] - eth_blockNumber
[2019/04/10 13:45:01.641] - eth_blockNumber
[2019/04/10 13:45:02.651] - eth_blockNumber
[2019/04/10 13:45:03.666] - eth_blockNumber
[2019/04/10 13:45:04.680] - eth_blockNumber
[2019/04/10 13:45:05.694] - eth_blockNumber
[2019/04/10 13:45:06.707] - eth_blockNumber
[2019/04/10 13:45:07.720] - eth_blockNumber
[2019/04/10 13:45:08.734] - eth_blockNumber
[2019/04/10 13:45:09.746] - eth_blockNumber
[2019/04/10 13:45:10.753] - eth_blockNumber
[2019/04/10 13:45:11.762] - eth_blockNumber
[2019/04/10 13:45:12.283] - net_version
[2019/04/10 13:45:12.336] - net_version
[2019/04/10 13:45:12.779] - eth_blockNumber
[2019/04/10 13:45:13.792] - eth_blockNumber
[2019/04/10 13:45:14.813] - eth_blockNumber
[2019/04/10 13:45:15.830] - eth_blockNumber
[2019/04/10 13:45:16.842] - eth_blockNumber
[2019/04/10 13:45:17.855] - eth_blockNumber
[2019/04/10 13:45:18.873] - eth_blockNumber
[2019/04/10 13:45:19.917] - eth_blockNumber
[2019/04/10 13:45:20.931] - eth_blockNumber
[2019/04/10 13:45:21.944] - eth_blockNumber
[2019/04/10 13:45:22.955] - eth_blockNumber
[2019/04/10 13:45:23.970] - eth_blockNumber
[2019/04/10 13:45:24.982] - eth_blockNumber
[2019/04/10 13:45:25.994] - eth_blockNumber
[2019/04/10 13:45:27.006] - eth_blockNumber
[2019/04/10 13:45:28.021] - eth_blockNumber
[2019/04/10 13:45:29.033] - eth_blockNumber
[2019/04/10 13:45:30.045] - eth_blockNumber
[2019/04/10 13:45:31.058] - eth_blockNumber
[2019/04/10 13:45:32.069] - eth_blockNumber
[2019/04/10 13:45:33.078] - eth_blockNumber
[2019/04/10 13:45:34.088] - eth_blockNumber
[2019/04/10 13:45:35.101] - eth_blockNumber
[2019/04/10 13:45:36.112] - eth_blockNumber
[2019/04/10 13:45:37.124] - eth_blockNumber
[2019/04/10 13:45:38.135] - eth_blockNumber
[2019/04/10 13:45:39.147] - eth_blockNumber
[2019/04/10 13:45:40.156] - eth_blockNumber
[2019/04/10 13:45:41.170] - eth_blockNumber
[2019/04/10 13:45:42.182] - eth_blockNumber
[2019/04/10 13:45:43.194] - eth_blockNumber
[2019/04/10 13:45:44.205] - eth_blockNumber
[2019/04/10 13:45:45.215] - eth_blockNumber
[2019/04/10 13:45:46.227] - eth_blockNumber
[2019/04/10 13:45:47.239] - eth_blockNumber
[2019/04/10 13:45:53.902] - eth_unsubscribe
[2019/04/10 13:45:53.903] - eth_unsubscribe
